# JRE version: OpenJDK Runtime Environment (8.0_212-b04) (build 1.8.0_212-release-1586-b04)
# Java VM: OpenJDK 64-Bit Server VM (25.212-b04 mixed mode windows-amd64 compressed oops)
Heap:
 PSYoungGen      total 371712K, used 250442K [0x00000000e0000000, 0x00000000fa400000, 0x0000000100000000)
  eden space 320512K, 68% used [0x00000000e0000000,0x00000000ed6bc7f8,0x00000000f3900000)
  from space 51200K, 59% used [0x00000000f6b80000,0x00000000f89560c8,0x00000000f9d80000)
  to   space 51712K, 0% used [0x00000000f3900000,0x00000000f3900000,0x00000000f6b80000)
 ParOldGen       total 290816K, used 142244K [0x00000000a0000000, 0x00000000b1c00000, 0x00000000e0000000)
  object space 290816K, 48% used [0x00000000a0000000,0x00000000a8ae93b8,0x00000000b1c00000)
 Metaspace       used 103984K, capacity 109766K, committed 110104K, reserved 1144832K
  class space    used 13324K, capacity 14507K, committed 14616K, reserved 1048576K
GC Heap History (10 events):
Event: 1319.357 GC heap before
{Heap before GC invocations=24 (full 4):
 PSYoungGen      total 284672K, used 243025K [0x00000000e0000000, 0x00000000f7800000, 0x0000000100000000)
  eden space 220672K, 100% used [0x00000000e0000000,0x00000000ed780000,0x00000000ed780000)
  from space 64000K, 34% used [0x00000000ed780000,0x00000000eed544f0,0x00000000f1600000)
  to   space 60416K, 0% used [0x00000000f3d00000,0x00000000f3d00000,0x00000000f7800000)
 ParOldGen       total 290816K, used 130234K [0x00000000a0000000, 0x00000000b1c00000, 0x00000000e0000000)
  object space 290816K, 44% used [0x00000000a0000000,0x00000000a7f2e9e8,0x00000000b1c00000)
 Metaspace       used 87969K, capacity 91960K, committed 92696K, reserved 1128448K
  class space    used 11626K, capacity 12534K, committed 12824K, reserved 1048576K
Event: 1319.394 GC heap after
Heap after GC invocations=24 (full 4):
 PSYoungGen      total 310272K, used 8050K [0x00000000e0000000, 0x00000000f7000000, 0x0000000100000000)
  eden space 258048K, 0% used [0x00000000e0000000,0x00000000e0000000,0x00000000efc00000)
  from space 52224K, 15% used [0x00000000f3d00000,0x00000000f44dcac0,0x00000000f7000000)
  to   space 59392K, 0% used [0x00000000efc00000,0x00000000efc00000,0x00000000f3600000)
 ParOldGen       total 290816K, used 142212K [0x00000000a0000000, 0x00000000b1c00000, 0x00000000e0000000)
  object space 290816K, 48% used [0x00000000a0000000,0x00000000a8ae13b8,0x00000000b1c00000)
 Metaspace       used 87969K, capacity 91960K, committed 92696K, reserved 1128448K
  class space    used 11626K, capacity 12534K, committed 12824K, reserved 1048576K
}
Event: 1446.172 GC heap before
{Heap before GC invocations=25 (full 4):
 PSYoungGen      total 310272K, used 266098K [0x00000000e0000000, 0x00000000f7000000, 0x0000000100000000)
  eden space 258048K, 100% used [0x00000000e0000000,0x00000000efc00000,0x00000000efc00000)
  from space 52224K, 15% used [0x00000000f3d00000,0x00000000f44dcac0,0x00000000f7000000)
  to   space 59392K, 0% used [0x00000000efc00000,0x00000000efc00000,0x00000000f3600000)
 ParOldGen       total 290816K, used 142212K [0x00000000a0000000, 0x00000000b1c00000, 0x00000000e0000000)
  object space 290816K, 48% used [0x00000000a0000000,0x00000000a8ae13b8,0x00000000b1c00000)
 Metaspace       used 96595K, capacity 101694K, committed 101912K, reserved 1136640K
  class space    used 12683K, capacity 13797K, committed 13848K, reserved 1048576K
Event: 1446.207 GC heap after
Heap after GC invocations=25 (full 4):
 PSYoungGen      total 317440K, used 17616K [0x00000000e0000000, 0x00000000f8d80000, 0x0000000100000000)
  eden space 258048K, 0% used [0x00000000e0000000,0x00000000e0000000,0x00000000efc00000)
  from space 59392K, 29% used [0x00000000efc00000,0x00000000f0d34010,0x00000000f3600000)
  to   space 56320K, 0% used [0x00000000f5680000,0x00000000f5680000,0x00000000f8d80000)
 ParOldGen       total 290816K, used 142220K [0x00000000a0000000, 0x00000000b1c00000, 0x00000000e0000000)
  object space 290816K, 48% used [0x00000000a0000000,0x00000000a8ae33b8,0x00000000b1c00000)
 Metaspace       used 96595K, capacity 101694K, committed 101912K, reserved 1136640K
  class space    used 12683K, capacity 13797K, committed 13848K, reserved 1048576K
}
Event: 2821.683 GC heap before
{Heap before GC invocations=26 (full 4):
 PSYoungGen      total 317440K, used 275664K [0x00000000e0000000, 0x00000000f8d80000, 0x0000000100000000)
  eden space 258048K, 100% used [0x00000000e0000000,0x00000000efc00000,0x00000000efc00000)
  from space 59392K, 29% used [0x00000000efc00000,0x00000000f0d34010,0x00000000f3600000)
  to   space 56320K, 0% used [0x00000000f5680000,0x00000000f5680000,0x00000000f8d80000)
 ParOldGen       total 290816K, used 142220K [0x00000000a0000000, 0x00000000b1c00000, 0x00000000e0000000)
  object space 290816K, 48% used [0x00000000a0000000,0x00000000a8ae33b8,0x00000000b1c00000)
 Metaspace       used 97968K, capacity 103194K, committed 103320K, reserved 1138688K
  class space    used 12824K, capacity 13947K, committed 13976K, reserved 1048576K
Event: 2821.724 GC heap after
Heap after GC invocations=26 (full 4):
 PSYoungGen      total 334336K, used 13596K [0x00000000e0000000, 0x00000000f8380000, 0x0000000100000000)
  eden space 288256K, 0% used [0x00000000e0000000,0x00000000e0000000,0x00000000f1980000)
  from space 46080K, 29% used [0x00000000f5680000,0x00000000f63c7310,0x00000000f8380000)
  to   space 54272K, 0% used [0x00000000f1980000,0x00000000f1980000,0x00000000f4e80000)
 ParOldGen       total 290816K, used 142228K [0x00000000a0000000, 0x00000000b1c00000, 0x00000000e0000000)
  object space 290816K, 48% used [0x00000000a0000000,0x00000000a8ae53b8,0x00000000b1c00000)
 Metaspace       used 97968K, capacity 103194K, committed 103320K, reserved 1138688K
  class space    used 12824K, capacity 13947K, committed 13976K, reserved 1048576K
}
Event: 2827.323 GC heap before
{Heap before GC invocations=27 (full 4):
 PSYoungGen      total 334336K, used 301852K [0x00000000e0000000, 0x00000000f8380000, 0x0000000100000000)
  eden space 288256K, 100% used [0x00000000e0000000,0x00000000f1980000,0x00000000f1980000)
  from space 46080K, 29% used [0x00000000f5680000,0x00000000f63c7310,0x00000000f8380000)
  to   space 54272K, 0% used [0x00000000f1980000,0x00000000f1980000,0x00000000f4e80000)
 ParOldGen       total 290816K, used 142228K [0x00000000a0000000, 0x00000000b1c00000, 0x00000000e0000000)
  object space 290816K, 48% used [0x00000000a0000000,0x00000000a8ae53b8,0x00000000b1c00000)
 Metaspace       used 100885K, capacity 106348K, committed 106520K, reserved 1140736K
  class space    used 13102K, capacity 14266K, committed 14360K, reserved 1048576K
Event: 2827.373 GC heap after
Heap after GC invocations=27 (full 4):
 PSYoungGen      total 342528K, used 18841K [0x00000000e0000000, 0x00000000f9d80000, 0x0000000100000000)
  eden space 288256K, 0% used [0x00000000e0000000,0x00000000e0000000,0x00000000f1980000)
  from space 54272K, 34% used [0x00000000f1980000,0x00000000f2be67a8,0x00000000f4e80000)
  to   space 51200K, 0% used [0x00000000f6b80000,0x00000000f6b80000,0x00000000f9d80000)
 ParOldGen       total 290816K, used 142236K [0x00000000a0000000, 0x00000000b1c00000, 0x00000000e0000000)
  object space 290816K, 48% used [0x00000000a0000000,0x00000000a8ae73b8,0x00000000b1c00000)
 Metaspace       used 100885K, capacity 106348K, committed 106520K, reserved 1140736K
  class space    used 13102K, capacity 14266K, committed 14360K, reserved 1048576K
}
Event: 2832.983 GC heap before
{Heap before GC invocations=28 (full 4):
 PSYoungGen      total 342528K, used 307097K [0x00000000e0000000, 0x00000000f9d80000, 0x0000000100000000)
  eden space 288256K, 100% used [0x00000000e0000000,0x00000000f1980000,0x00000000f1980000)
  from space 54272K, 34% used [0x00000000f1980000,0x00000000f2be67a8,0x00000000f4e80000)
  to   space 51200K, 0% used [0x00000000f6b80000,0x00000000f6b80000,0x00000000f9d80000)
 ParOldGen       total 290816K, used 142236K [0x00000000a0000000, 0x00000000b1c00000, 0x00000000e0000000)
  object space 290816K, 48% used [0x00000000a0000000,0x00000000a8ae73b8,0x00000000b1c00000)
 Metaspace       used 103678K, capacity 109350K, committed 109464K, reserved 1144832K
  class space    used 13282K, capacity 14451K, committed 14488K, reserved 1048576K
Event: 2833.092 GC heap after
Heap after GC invocations=28 (full 4):
 PSYoungGen      total 371712K, used 30552K [0x00000000e0000000, 0x00000000fa400000, 0x0000000100000000)
  eden space 320512K, 0% used [0x00000000e0000000,0x00000000e0000000,0x00000000f3900000)
  from space 51200K, 59% used [0x00000000f6b80000,0x00000000f89560c8,0x00000000f9d80000)
  to   space 51712K, 0% used [0x00000000f3900000,0x00000000f3900000,0x00000000f6b80000)
 ParOldGen       total 290816K, used 142244K [0x00000000a0000000, 0x00000000b1c00000, 0x00000000e0000000)
  object space 290816K, 48% used [0x00000000a0000000,0x00000000a8ae93b8,0x00000000b1c00000)
 Metaspace       used 103678K, capacity 109350K, committed 109464K, reserved 1144832K
  class space    used 13282K, capacity 14451K, committed 14488K, reserved 1048576K
}

