# JRE version: OpenJDK Runtime Environment (8.0_212-b04) (build 1.8.0_212-release-1586-b04)
# Java VM: OpenJDK 64-Bit Server VM (25.212-b04 mixed mode windows-amd64 compressed oops)
Heap:
 PSYoungGen      total 480768K, used 180756K [0x00000000e0000000, 0x0000000100000000, 0x0000000100000000)
  eden space 437248K, 31% used [0x00000000e0000000,0x00000000e8608e30,0x00000000fab00000)
  from space 43520K, 99% used [0x00000000fab00000,0x00000000fd57c350,0x00000000fd580000)
  to   space 43520K, 0% used [0x00000000fd580000,0x00000000fd580000,0x0000000100000000)
 ParOldGen       total 579584K, used 379129K [0x00000000a0000000, 0x00000000c3600000, 0x00000000e0000000)
  object space 579584K, 65% used [0x00000000a0000000,0x00000000b723e728,0x00000000c3600000)
 Metaspace       used 118061K, capacity 123514K, committed 123688K, reserved 1155072K
  class space    used 16418K, capacity 17623K, committed 17704K, reserved 1048576K
GC Heap History (10 events):
Event: 422.879 GC heap before
{Heap before GC invocations=79 (full 6):
 PSYoungGen      total 488960K, used 460692K [0x00000000e0000000, 0x0000000100000000, 0x0000000100000000)
  eden space 453632K, 100% used [0x00000000e0000000,0x00000000fbb00000,0x00000000fbb00000)
  from space 35328K, 19% used [0x00000000fdd80000,0x00000000fe465198,0x0000000100000000)
  to   space 35328K, 0% used [0x00000000fbb00000,0x00000000fbb00000,0x00000000fdd80000)
 ParOldGen       total 579584K, used 372234K [0x00000000a0000000, 0x00000000c3600000, 0x00000000e0000000)
  object space 579584K, 64% used [0x00000000a0000000,0x00000000b6b82bd8,0x00000000c3600000)
 Metaspace       used 94287K, capacity 97996K, committed 98088K, reserved 1132544K
  class space    used 13732K, capacity 14570K, committed 14632K, reserved 1048576K
Event: 422.890 GC heap after
Heap after GC invocations=79 (full 6):
 PSYoungGen      total 460800K, used 7056K [0x00000000e0000000, 0x00000000fff00000, 0x0000000100000000)
  eden space 453632K, 0% used [0x00000000e0000000,0x00000000e0000000,0x00000000fbb00000)
  from space 7168K, 98% used [0x00000000fbb00000,0x00000000fc1e4140,0x00000000fc200000)
  to   space 34816K, 0% used [0x00000000fdd00000,0x00000000fdd00000,0x00000000fff00000)
 ParOldGen       total 579584K, used 372282K [0x00000000a0000000, 0x00000000c3600000, 0x00000000e0000000)
  object space 579584K, 64% used [0x00000000a0000000,0x00000000b6b8e990,0x00000000c3600000)
 Metaspace       used 94287K, capacity 97996K, committed 98088K, reserved 1132544K
  class space    used 13732K, capacity 14570K, committed 14632K, reserved 1048576K
}
Event: 455.236 GC heap before
{Heap before GC invocations=80 (full 6):
 PSYoungGen      total 460800K, used 460688K [0x00000000e0000000, 0x00000000fff00000, 0x0000000100000000)
  eden space 453632K, 100% used [0x00000000e0000000,0x00000000fbb00000,0x00000000fbb00000)
  from space 7168K, 98% used [0x00000000fbb00000,0x00000000fc1e4140,0x00000000fc200000)
  to   space 34816K, 0% used [0x00000000fdd00000,0x00000000fdd00000,0x00000000fff00000)
 ParOldGen       total 579584K, used 372282K [0x00000000a0000000, 0x00000000c3600000, 0x00000000e0000000)
  object space 579584K, 64% used [0x00000000a0000000,0x00000000b6b8e990,0x00000000c3600000)
 Metaspace       used 94614K, capacity 98250K, committed 98344K, reserved 1132544K
  class space    used 13782K, capacity 14581K, committed 14632K, reserved 1048576K
Event: 455.267 GC heap after
Heap after GC invocations=80 (full 6):
 PSYoungGen      total 477184K, used 34784K [0x00000000e0000000, 0x0000000100000000, 0x0000000100000000)
  eden space 442368K, 0% used [0x00000000e0000000,0x00000000e0000000,0x00000000fb000000)
  from space 34816K, 99% used [0x00000000fdd00000,0x00000000ffef83c8,0x00000000fff00000)
  to   space 40960K, 0% used [0x00000000fb000000,0x00000000fb000000,0x00000000fd800000)
 ParOldGen       total 579584K, used 373875K [0x00000000a0000000, 0x00000000c3600000, 0x00000000e0000000)
  object space 579584K, 64% used [0x00000000a0000000,0x00000000b6d1cc48,0x00000000c3600000)
 Metaspace       used 94614K, capacity 98250K, committed 98344K, reserved 1132544K
  class space    used 13782K, capacity 14581K, committed 14632K, reserved 1048576K
}
Event: 459.292 GC heap before
{Heap before GC invocations=81 (full 6):
 PSYoungGen      total 477184K, used 477152K [0x00000000e0000000, 0x0000000100000000, 0x0000000100000000)
  eden space 442368K, 100% used [0x00000000e0000000,0x00000000fb000000,0x00000000fb000000)
  from space 34816K, 99% used [0x00000000fdd00000,0x00000000ffef83c8,0x00000000fff00000)
  to   space 40960K, 0% used [0x00000000fb000000,0x00000000fb000000,0x00000000fd800000)
 ParOldGen       total 579584K, used 373875K [0x00000000a0000000, 0x00000000c3600000, 0x00000000e0000000)
  object space 579584K, 64% used [0x00000000a0000000,0x00000000b6d1cc48,0x00000000c3600000)
 Metaspace       used 95196K, capacity 99012K, committed 99240K, reserved 1134592K
  class space    used 13839K, capacity 14656K, committed 14760K, reserved 1048576K
Event: 459.307 GC heap after
Heap after GC invocations=81 (full 6):
 PSYoungGen      total 483328K, used 5942K [0x00000000e0000000, 0x0000000100000000, 0x0000000100000000)
  eden space 442368K, 0% used [0x00000000e0000000,0x00000000e0000000,0x00000000fb000000)
  from space 40960K, 14% used [0x00000000fb000000,0x00000000fb5cda00,0x00000000fd800000)
  to   space 40448K, 0% used [0x00000000fd880000,0x00000000fd880000,0x0000000100000000)
 ParOldGen       total 579584K, used 373951K [0x00000000a0000000, 0x00000000c3600000, 0x00000000e0000000)
  object space 579584K, 64% used [0x00000000a0000000,0x00000000b6d2fe20,0x00000000c3600000)
 Metaspace       used 95196K, capacity 99012K, committed 99240K, reserved 1134592K
  class space    used 13839K, capacity 14656K, committed 14760K, reserved 1048576K
}
Event: 691.697 GC heap before
{Heap before GC invocations=82 (full 6):
 PSYoungGen      total 483328K, used 448310K [0x00000000e0000000, 0x0000000100000000, 0x0000000100000000)
  eden space 442368K, 100% used [0x00000000e0000000,0x00000000fb000000,0x00000000fb000000)
  from space 40960K, 14% used [0x00000000fb000000,0x00000000fb5cda00,0x00000000fd800000)
  to   space 40448K, 0% used [0x00000000fd880000,0x00000000fd880000,0x0000000100000000)
 ParOldGen       total 579584K, used 373951K [0x00000000a0000000, 0x00000000c3600000, 0x00000000e0000000)
  object space 579584K, 64% used [0x00000000a0000000,0x00000000b6d2fe20,0x00000000c3600000)
 Metaspace       used 111685K, capacity 116796K, committed 117032K, reserved 1148928K
  class space    used 15738K, capacity 16827K, committed 16936K, reserved 1048576K
Event: 691.769 GC heap after
Heap after GC invocations=82 (full 6):
 PSYoungGen      total 477696K, used 31429K [0x00000000e0000000, 0x0000000100000000, 0x0000000100000000)
  eden space 437248K, 0% used [0x00000000e0000000,0x00000000e0000000,0x00000000fab00000)
  from space 40448K, 77% used [0x00000000fd880000,0x00000000ff7315c8,0x0000000100000000)
  to   space 43520K, 0% used [0x00000000fab00000,0x00000000fab00000,0x00000000fd580000)
 ParOldGen       total 579584K, used 373959K [0x00000000a0000000, 0x00000000c3600000, 0x00000000e0000000)
  object space 579584K, 64% used [0x00000000a0000000,0x00000000b6d31e20,0x00000000c3600000)
 Metaspace       used 111685K, capacity 116796K, committed 117032K, reserved 1148928K
  class space    used 15738K, capacity 16827K, committed 16936K, reserved 1048576K
}
Event: 722.511 GC heap before
{Heap before GC invocations=83 (full 6):
 PSYoungGen      total 477696K, used 468677K [0x00000000e0000000, 0x0000000100000000, 0x0000000100000000)
  eden space 437248K, 100% used [0x00000000e0000000,0x00000000fab00000,0x00000000fab00000)
  from space 40448K, 77% used [0x00000000fd880000,0x00000000ff7315c8,0x0000000100000000)
  to   space 43520K, 0% used [0x00000000fab00000,0x00000000fab00000,0x00000000fd580000)
 ParOldGen       total 579584K, used 373959K [0x00000000a0000000, 0x00000000c3600000, 0x00000000e0000000)
  object space 579584K, 64% used [0x00000000a0000000,0x00000000b6d31e20,0x00000000c3600000)
 Metaspace       used 117630K, capacity 123018K, committed 123176K, reserved 1155072K
  class space    used 16398K, capacity 17589K, committed 17704K, reserved 1048576K
Event: 722.573 GC heap after
Heap after GC invocations=83 (full 6):
 PSYoungGen      total 480768K, used 43504K [0x00000000e0000000, 0x0000000100000000, 0x0000000100000000)
  eden space 437248K, 0% used [0x00000000e0000000,0x00000000e0000000,0x00000000fab00000)
  from space 43520K, 99% used [0x00000000fab00000,0x00000000fd57c350,0x00000000fd580000)
  to   space 43520K, 0% used [0x00000000fd580000,0x00000000fd580000,0x0000000100000000)
 ParOldGen       total 579584K, used 379129K [0x00000000a0000000, 0x00000000c3600000, 0x00000000e0000000)
  object space 579584K, 65% used [0x00000000a0000000,0x00000000b723e728,0x00000000c3600000)
 Metaspace       used 117630K, capacity 123018K, committed 123176K, reserved 1155072K
  class space    used 16398K, capacity 17589K, committed 17704K, reserved 1048576K
}

