# JRE version: OpenJDK Runtime Environment (8.0_212-b04) (build 1.8.0_212-release-1586-b04)
# Java VM: OpenJDK 64-Bit Server VM (25.212-b04 mixed mode windows-amd64 compressed oops)
Heap:
 PSYoungGen      total 222208K, used 110781K [0x00000000e0000000, 0x00000000f3000000, 0x0000000100000000)
  eden space 196608K, 43% used [0x00000000e0000000,0x00000000e5334020,0x00000000ec000000)
  from space 25600K, 99% used [0x00000000ec000000,0x00000000ed8fb400,0x00000000ed900000)
  to   space 35328K, 0% used [0x00000000f0d80000,0x00000000f0d80000,0x00000000f3000000)
 ParOldGen       total 139264K, used 55704K [0x00000000a0000000, 0x00000000a8800000, 0x00000000e0000000)
  object space 139264K, 39% used [0x00000000a0000000,0x00000000a3666378,0x00000000a8800000)
 Metaspace       used 78773K, capacity 82090K, committed 82200K, reserved 1120256K
  class space    used 10641K, capacity 11466K, committed 11544K, reserved 1048576K
GC Heap History (10 events):
Event: 13.022 GC heap before
{Heap before GC invocations=14 (full 2):
 PSYoungGen      total 153088K, used 46148K [0x00000000e0000000, 0x00000000eca80000, 0x0000000100000000)
  eden space 138240K, 22% used [0x00000000e0000000,0x00000000e1e957d0,0x00000000e8700000)
  from space 14848K, 99% used [0x00000000e8700000,0x00000000e957bbe8,0x00000000e9580000)
  to   space 19456K, 0% used [0x00000000eb780000,0x00000000eb780000,0x00000000eca80000)
 ParOldGen       total 93184K, used 26285K [0x00000000a0000000, 0x00000000a5b00000, 0x00000000e0000000)
  object space 93184K, 28% used [0x00000000a0000000,0x00000000a19ab6d8,0x00000000a5b00000)
 Metaspace       used 57067K, capacity 59092K, committed 59160K, reserved 1099776K
  class space    used 7866K, capacity 8405K, committed 8472K, reserved 1048576K
Event: 13.042 GC heap after
Heap after GC invocations=14 (full 2):
 PSYoungGen      total 188416K, used 4658K [0x00000000e0000000, 0x00000000ed480000, 0x0000000100000000)
  eden space 168960K, 0% used [0x00000000e0000000,0x00000000e0000000,0x00000000ea500000)
  from space 19456K, 23% used [0x00000000eb780000,0x00000000ebc0ca28,0x00000000eca80000)
  to   space 18944K, 0% used [0x00000000ea500000,0x00000000ea500000,0x00000000eb780000)
 ParOldGen       total 93184K, used 33604K [0x00000000a0000000, 0x00000000a5b00000, 0x00000000e0000000)
  object space 93184K, 36% used [0x00000000a0000000,0x00000000a20d11a8,0x00000000a5b00000)
 Metaspace       used 57067K, capacity 59092K, committed 59160K, reserved 1099776K
  class space    used 7866K, capacity 8405K, committed 8472K, reserved 1048576K
}
Event: 13.042 GC heap before
{Heap before GC invocations=15 (full 3):
 PSYoungGen      total 188416K, used 4658K [0x00000000e0000000, 0x00000000ed480000, 0x0000000100000000)
  eden space 168960K, 0% used [0x00000000e0000000,0x00000000e0000000,0x00000000ea500000)
  from space 19456K, 23% used [0x00000000eb780000,0x00000000ebc0ca28,0x00000000eca80000)
  to   space 18944K, 0% used [0x00000000ea500000,0x00000000ea500000,0x00000000eb780000)
 ParOldGen       total 93184K, used 33604K [0x00000000a0000000, 0x00000000a5b00000, 0x00000000e0000000)
  object space 93184K, 36% used [0x00000000a0000000,0x00000000a20d11a8,0x00000000a5b00000)
 Metaspace       used 57067K, capacity 59092K, committed 59160K, reserved 1099776K
  class space    used 7866K, capacity 8405K, committed 8472K, reserved 1048576K
Event: 13.376 GC heap after
Heap after GC invocations=15 (full 3):
 PSYoungGen      total 188416K, used 0K [0x00000000e0000000, 0x00000000ed480000, 0x0000000100000000)
  eden space 168960K, 0% used [0x00000000e0000000,0x00000000e0000000,0x00000000ea500000)
  from space 19456K, 0% used [0x00000000eb780000,0x00000000eb780000,0x00000000eca80000)
  to   space 18944K, 0% used [0x00000000ea500000,0x00000000ea500000,0x00000000eb780000)
 ParOldGen       total 139264K, used 32622K [0x00000000a0000000, 0x00000000a8800000, 0x00000000e0000000)
  object space 139264K, 23% used [0x00000000a0000000,0x00000000a1fdb838,0x00000000a8800000)
 Metaspace       used 57051K, capacity 59042K, committed 59160K, reserved 1099776K
  class space    used 7861K, capacity 8396K, committed 8472K, reserved 1048576K
}
Event: 15.943 GC heap before
{Heap before GC invocations=16 (full 3):
 PSYoungGen      total 188416K, used 168960K [0x00000000e0000000, 0x00000000ed480000, 0x0000000100000000)
  eden space 168960K, 100% used [0x00000000e0000000,0x00000000ea500000,0x00000000ea500000)
  from space 19456K, 0% used [0x00000000eb780000,0x00000000eb780000,0x00000000eca80000)
  to   space 18944K, 0% used [0x00000000ea500000,0x00000000ea500000,0x00000000eb780000)
 ParOldGen       total 139264K, used 32622K [0x00000000a0000000, 0x00000000a8800000, 0x00000000e0000000)
  object space 139264K, 23% used [0x00000000a0000000,0x00000000a1fdb838,0x00000000a8800000)
 Metaspace       used 61323K, capacity 63474K, committed 63768K, reserved 1103872K
  class space    used 8394K, capacity 8920K, committed 8984K, reserved 1048576K
Event: 15.962 GC heap after
Heap after GC invocations=16 (full 3):
 PSYoungGen      total 187904K, used 14380K [0x00000000e0000000, 0x00000000eec80000, 0x0000000100000000)
  eden space 168960K, 0% used [0x00000000e0000000,0x00000000e0000000,0x00000000ea500000)
  from space 18944K, 75% used [0x00000000ea500000,0x00000000eb30b300,0x00000000eb780000)
  to   space 19968K, 0% used [0x00000000ed900000,0x00000000ed900000,0x00000000eec80000)
 ParOldGen       total 139264K, used 32630K [0x00000000a0000000, 0x00000000a8800000, 0x00000000e0000000)
  object space 139264K, 23% used [0x00000000a0000000,0x00000000a1fdd838,0x00000000a8800000)
 Metaspace       used 61323K, capacity 63474K, committed 63768K, reserved 1103872K
  class space    used 8394K, capacity 8920K, committed 8984K, reserved 1048576K
}
Event: 20.488 GC heap before
{Heap before GC invocations=17 (full 3):
 PSYoungGen      total 187904K, used 183340K [0x00000000e0000000, 0x00000000eec80000, 0x0000000100000000)
  eden space 168960K, 100% used [0x00000000e0000000,0x00000000ea500000,0x00000000ea500000)
  from space 18944K, 75% used [0x00000000ea500000,0x00000000eb30b300,0x00000000eb780000)
  to   space 19968K, 0% used [0x00000000ed900000,0x00000000ed900000,0x00000000eec80000)
 ParOldGen       total 139264K, used 32630K [0x00000000a0000000, 0x00000000a8800000, 0x00000000e0000000)
  object space 139264K, 23% used [0x00000000a0000000,0x00000000a1fdd838,0x00000000a8800000)
 Metaspace       used 69907K, capacity 72260K, committed 72472K, reserved 1112064K
  class space    used 9387K, capacity 9947K, committed 10008K, reserved 1048576K
Event: 20.531 GC heap after
Heap after GC invocations=17 (full 3):
 PSYoungGen      total 216576K, used 19949K [0x00000000e0000000, 0x00000000ef580000, 0x0000000100000000)
  eden space 196608K, 0% used [0x00000000e0000000,0x00000000e0000000,0x00000000ec000000)
  from space 19968K, 99% used [0x00000000ed900000,0x00000000eec7b548,0x00000000eec80000)
  to   space 25600K, 0% used [0x00000000ec000000,0x00000000ec000000,0x00000000ed900000)
 ParOldGen       total 139264K, used 39888K [0x00000000a0000000, 0x00000000a8800000, 0x00000000e0000000)
  object space 139264K, 28% used [0x00000000a0000000,0x00000000a26f40c0,0x00000000a8800000)
 Metaspace       used 69907K, capacity 72260K, committed 72472K, reserved 1112064K
  class space    used 9387K, capacity 9947K, committed 10008K, reserved 1048576K
}
Event: 21.831 GC heap before
{Heap before GC invocations=18 (full 3):
 PSYoungGen      total 216576K, used 216557K [0x00000000e0000000, 0x00000000ef580000, 0x0000000100000000)
  eden space 196608K, 100% used [0x00000000e0000000,0x00000000ec000000,0x00000000ec000000)
  from space 19968K, 99% used [0x00000000ed900000,0x00000000eec7b548,0x00000000eec80000)
  to   space 25600K, 0% used [0x00000000ec000000,0x00000000ec000000,0x00000000ed900000)
 ParOldGen       total 139264K, used 39888K [0x00000000a0000000, 0x00000000a8800000, 0x00000000e0000000)
  object space 139264K, 28% used [0x00000000a0000000,0x00000000a26f40c0,0x00000000a8800000)
 Metaspace       used 72938K, capacity 75596K, committed 75800K, reserved 1114112K
  class space    used 9808K, capacity 10427K, committed 10520K, reserved 1048576K
Event: 21.875 GC heap after
Heap after GC invocations=18 (full 3):
 PSYoungGen      total 222208K, used 25581K [0x00000000e0000000, 0x00000000f3000000, 0x0000000100000000)
  eden space 196608K, 0% used [0x00000000e0000000,0x00000000e0000000,0x00000000ec000000)
  from space 25600K, 99% used [0x00000000ec000000,0x00000000ed8fb400,0x00000000ed900000)
  to   space 35328K, 0% used [0x00000000f0d80000,0x00000000f0d80000,0x00000000f3000000)
 ParOldGen       total 139264K, used 55704K [0x00000000a0000000, 0x00000000a8800000, 0x00000000e0000000)
  object space 139264K, 39% used [0x00000000a0000000,0x00000000a3666378,0x00000000a8800000)
 Metaspace       used 72938K, capacity 75596K, committed 75800K, reserved 1114112K
  class space    used 9808K, capacity 10427K, committed 10520K, reserved 1048576K
}

