# JRE version: OpenJDK Runtime Environment (8.0_212-b04) (build 1.8.0_212-release-1586-b04)
# Java VM: OpenJDK 64-Bit Server VM (25.212-b04 mixed mode windows-amd64 compressed oops)
Heap:
 PSYoungGen      total 380416K, used 113930K [0x00000000e0000000, 0x00000000ff780000, 0x0000000100000000)
  eden space 253440K, 39% used [0x00000000e0000000,0x00000000e62f0518,0x00000000ef780000)
  from space 126976K, 9% used [0x00000000ef780000,0x00000000f03d2408,0x00000000f7380000)
  to   space 124416K, 0% used [0x00000000f7e00000,0x00000000f7e00000,0x00000000ff780000)
 ParOldGen       total 539648K, used 314317K [0x00000000a0000000, 0x00000000c0f00000, 0x00000000e0000000)
  object space 539648K, 58% used [0x00000000a0000000,0x00000000b32f3588,0x00000000c0f00000)
 Metaspace       used 101367K, capacity 105639K, committed 105896K, reserved 1140736K
  class space    used 12776K, capacity 13626K, committed 13736K, reserved 1048576K
GC Heap History (10 events):
Event: 468.110 GC heap before
{Heap before GC invocations=83 (full 7):
 PSYoungGen      total 385024K, used 288332K [0x00000000e0000000, 0x0000000100000000, 0x0000000100000000)
  eden space 238080K, 100% used [0x00000000e0000000,0x00000000ee880000,0x00000000ee880000)
  from space 146944K, 34% used [0x00000000f7080000,0x00000000fa193178,0x0000000100000000)
  to   space 139264K, 0% used [0x00000000ee880000,0x00000000ee880000,0x00000000f7080000)
 ParOldGen       total 539648K, used 289584K [0x00000000a0000000, 0x00000000c0f00000, 0x00000000e0000000)
  object space 539648K, 53% used [0x00000000a0000000,0x00000000b1acc010,0x00000000c0f00000)
 Metaspace       used 92924K, capacity 96917K, committed 101672K, reserved 1136640K
  class space    used 11912K, capacity 12769K, committed 13608K, reserved 1048576K
Event: 468.169 GC heap after
Heap after GC invocations=83 (full 7):
 PSYoungGen      total 377344K, used 9189K [0x00000000e0000000, 0x00000000ff980000, 0x0000000100000000)
  eden space 238080K, 0% used [0x00000000e0000000,0x00000000e0000000,0x00000000ee880000)
  from space 139264K, 6% used [0x00000000ee880000,0x00000000ef1794b0,0x00000000f7080000)
  to   space 139776K, 0% used [0x00000000f7100000,0x00000000f7100000,0x00000000ff980000)
 ParOldGen       total 539648K, used 303496K [0x00000000a0000000, 0x00000000c0f00000, 0x00000000e0000000)
  object space 539648K, 56% used [0x00000000a0000000,0x00000000b2862278,0x00000000c0f00000)
 Metaspace       used 92924K, capacity 96917K, committed 101672K, reserved 1136640K
  class space    used 11912K, capacity 12769K, committed 13608K, reserved 1048576K
}
Event: 3090.230 GC heap before
{Heap before GC invocations=84 (full 7):
 PSYoungGen      total 377344K, used 247269K [0x00000000e0000000, 0x00000000ff980000, 0x0000000100000000)
  eden space 238080K, 100% used [0x00000000e0000000,0x00000000ee880000,0x00000000ee880000)
  from space 139264K, 6% used [0x00000000ee880000,0x00000000ef1794b0,0x00000000f7080000)
  to   space 139776K, 0% used [0x00000000f7100000,0x00000000f7100000,0x00000000ff980000)
 ParOldGen       total 539648K, used 303496K [0x00000000a0000000, 0x00000000c0f00000, 0x00000000e0000000)
  object space 539648K, 56% used [0x00000000a0000000,0x00000000b2862278,0x00000000c0f00000)
 Metaspace       used 94340K, capacity 98331K, committed 101928K, reserved 1138688K
  class space    used 12029K, capacity 12858K, committed 13608K, reserved 1048576K
Event: 3090.510 GC heap after
Heap after GC invocations=84 (full 7):
 PSYoungGen      total 380928K, used 25843K [0x00000000e0000000, 0x00000000ff880000, 0x0000000100000000)
  eden space 242176K, 0% used [0x00000000e0000000,0x00000000e0000000,0x00000000eec80000)
  from space 138752K, 18% used [0x00000000f7100000,0x00000000f8a3cc58,0x00000000ff880000)
  to   space 135680K, 0% used [0x00000000eec80000,0x00000000eec80000,0x00000000f7100000)
 ParOldGen       total 539648K, used 304292K [0x00000000a0000000, 0x00000000c0f00000, 0x00000000e0000000)
  object space 539648K, 56% used [0x00000000a0000000,0x00000000b29292f8,0x00000000c0f00000)
 Metaspace       used 94340K, capacity 98331K, committed 101928K, reserved 1138688K
  class space    used 12029K, capacity 12858K, committed 13608K, reserved 1048576K
}
Event: 3095.870 GC heap before
{Heap before GC invocations=85 (full 7):
 PSYoungGen      total 380928K, used 268019K [0x00000000e0000000, 0x00000000ff880000, 0x0000000100000000)
  eden space 242176K, 100% used [0x00000000e0000000,0x00000000eec80000,0x00000000eec80000)
  from space 138752K, 18% used [0x00000000f7100000,0x00000000f8a3cc58,0x00000000ff880000)
  to   space 135680K, 0% used [0x00000000eec80000,0x00000000eec80000,0x00000000f7100000)
 ParOldGen       total 539648K, used 304292K [0x00000000a0000000, 0x00000000c0f00000, 0x00000000e0000000)
  object space 539648K, 56% used [0x00000000a0000000,0x00000000b29292f8,0x00000000c0f00000)
 Metaspace       used 96436K, capacity 100553K, committed 101928K, reserved 1138688K
  class space    used 12218K, capacity 13037K, committed 13608K, reserved 1048576K
Event: 3095.937 GC heap after
Heap after GC invocations=85 (full 7):
 PSYoungGen      total 377856K, used 28992K [0x00000000e0000000, 0x00000000ff300000, 0x0000000100000000)
  eden space 242176K, 0% used [0x00000000e0000000,0x00000000e0000000,0x00000000eec80000)
  from space 135680K, 21% used [0x00000000eec80000,0x00000000f08d00c0,0x00000000f7100000)
  to   space 130560K, 0% used [0x00000000f7380000,0x00000000f7380000,0x00000000ff300000)
 ParOldGen       total 539648K, used 314301K [0x00000000a0000000, 0x00000000c0f00000, 0x00000000e0000000)
  object space 539648K, 58% used [0x00000000a0000000,0x00000000b32ef588,0x00000000c0f00000)
 Metaspace       used 96436K, capacity 100553K, committed 101928K, reserved 1138688K
  class space    used 12218K, capacity 13037K, committed 13608K, reserved 1048576K
}
Event: 3133.364 GC heap before
{Heap before GC invocations=86 (full 7):
 PSYoungGen      total 377856K, used 271168K [0x00000000e0000000, 0x00000000ff300000, 0x0000000100000000)
  eden space 242176K, 100% used [0x00000000e0000000,0x00000000eec80000,0x00000000eec80000)
  from space 135680K, 21% used [0x00000000eec80000,0x00000000f08d00c0,0x00000000f7100000)
  to   space 130560K, 0% used [0x00000000f7380000,0x00000000f7380000,0x00000000ff300000)
 ParOldGen       total 539648K, used 314301K [0x00000000a0000000, 0x00000000c0f00000, 0x00000000e0000000)
  object space 539648K, 58% used [0x00000000a0000000,0x00000000b32ef588,0x00000000c0f00000)
 Metaspace       used 101127K, capacity 105371K, committed 105512K, reserved 1140736K
  class space    used 12762K, capacity 13604K, committed 13608K, reserved 1048576K
Event: 3133.402 GC heap after
Heap after GC invocations=86 (full 7):
 PSYoungGen      total 384000K, used 21715K [0x00000000e0000000, 0x00000000ff400000, 0x0000000100000000)
  eden space 253440K, 0% used [0x00000000e0000000,0x00000000e0000000,0x00000000ef780000)
  from space 130560K, 16% used [0x00000000f7380000,0x00000000f88b4e60,0x00000000ff300000)
  to   space 126976K, 0% used [0x00000000ef780000,0x00000000ef780000,0x00000000f7380000)
 ParOldGen       total 539648K, used 314309K [0x00000000a0000000, 0x00000000c0f00000, 0x00000000e0000000)
  object space 539648K, 58% used [0x00000000a0000000,0x00000000b32f1588,0x00000000c0f00000)
 Metaspace       used 101127K, capacity 105371K, committed 105512K, reserved 1140736K
  class space    used 12762K, capacity 13604K, committed 13608K, reserved 1048576K
}
Event: 3145.759 GC heap before
{Heap before GC invocations=87 (full 7):
 PSYoungGen      total 384000K, used 275155K [0x00000000e0000000, 0x00000000ff400000, 0x0000000100000000)
  eden space 253440K, 100% used [0x00000000e0000000,0x00000000ef780000,0x00000000ef780000)
  from space 130560K, 16% used [0x00000000f7380000,0x00000000f88b4e60,0x00000000ff300000)
  to   space 126976K, 0% used [0x00000000ef780000,0x00000000ef780000,0x00000000f7380000)
 ParOldGen       total 539648K, used 314309K [0x00000000a0000000, 0x00000000c0f00000, 0x00000000e0000000)
  object space 539648K, 58% used [0x00000000a0000000,0x00000000b32f1588,0x00000000c0f00000)
 Metaspace       used 101337K, capacity 105633K, committed 105896K, reserved 1140736K
  class space    used 12776K, capacity 13625K, committed 13736K, reserved 1048576K
Event: 3145.790 GC heap after
Heap after GC invocations=87 (full 7):
 PSYoungGen      total 380416K, used 12617K [0x00000000e0000000, 0x00000000ff780000, 0x0000000100000000)
  eden space 253440K, 0% used [0x00000000e0000000,0x00000000e0000000,0x00000000ef780000)
  from space 126976K, 9% used [0x00000000ef780000,0x00000000f03d2408,0x00000000f7380000)
  to   space 124416K, 0% used [0x00000000f7e00000,0x00000000f7e00000,0x00000000ff780000)
 ParOldGen       total 539648K, used 314317K [0x00000000a0000000, 0x00000000c0f00000, 0x00000000e0000000)
  object space 539648K, 58% used [0x00000000a0000000,0x00000000b32f3588,0x00000000c0f00000)
 Metaspace       used 101337K, capacity 105633K, committed 105896K, reserved 1140736K
  class space    used 12776K, capacity 13625K, committed 13736K, reserved 1048576K
}

