# JRE version: OpenJDK Runtime Environment (8.0_212-b04) (build 1.8.0_212-release-1586-b04)
# Java VM: OpenJDK 64-Bit Server VM (25.212-b04 mixed mode windows-amd64 compressed oops)
Heap:
 PSYoungGen      total 291328K, used 136112K [0x00000000e0000000, 0x00000000f7680000, 0x0000000100000000)
  eden space 245248K, 39% used [0x00000000e0000000,0x00000000e5fc4fe8,0x00000000eef80000)
  from space 46080K, 82% used [0x00000000eef80000,0x00000000f14a72f8,0x00000000f1c80000)
  to   space 50688K, 0% used [0x00000000f4500000,0x00000000f4500000,0x00000000f7680000)
 ParOldGen       total 137728K, used 100664K [0x00000000a0000000, 0x00000000a8680000, 0x00000000e0000000)
  object space 137728K, 73% used [0x00000000a0000000,0x00000000a624e030,0x00000000a8680000)
 Metaspace       used 83785K, capacity 87483K, committed 87704K, reserved 1124352K
  class space    used 11276K, capacity 12077K, committed 12184K, reserved 1048576K
GC Heap History (10 events):
Event: 17.008 GC heap before
{Heap before GC invocations=16 (full 3):
 PSYoungGen      total 186368K, used 167424K [0x00000000e0000000, 0x00000000ed280000, 0x0000000100000000)
  eden space 167424K, 100% used [0x00000000e0000000,0x00000000ea380000,0x00000000ea380000)
  from space 18944K, 0% used [0x00000000eb600000,0x00000000eb600000,0x00000000ec880000)
  to   space 18944K, 0% used [0x00000000ea380000,0x00000000ea380000,0x00000000eb600000)
 ParOldGen       total 137728K, used 32602K [0x00000000a0000000, 0x00000000a8680000, 0x00000000e0000000)
  object space 137728K, 23% used [0x00000000a0000000,0x00000000a1fd6aa0,0x00000000a8680000)
 Metaspace       used 63416K, capacity 65721K, committed 65944K, reserved 1105920K
  class space    used 8703K, capacity 9250K, committed 9368K, reserved 1048576K
Event: 17.040 GC heap after
Heap after GC invocations=16 (full 3):
 PSYoungGen      total 186368K, used 17249K [0x00000000e0000000, 0x00000000eee00000, 0x0000000100000000)
  eden space 167424K, 0% used [0x00000000e0000000,0x00000000e0000000,0x00000000ea380000)
  from space 18944K, 91% used [0x00000000ea380000,0x00000000eb458670,0x00000000eb600000)
  to   space 20992K, 0% used [0x00000000ed980000,0x00000000ed980000,0x00000000eee00000)
 ParOldGen       total 137728K, used 32610K [0x00000000a0000000, 0x00000000a8680000, 0x00000000e0000000)
  object space 137728K, 23% used [0x00000000a0000000,0x00000000a1fd8aa0,0x00000000a8680000)
 Metaspace       used 63416K, capacity 65721K, committed 65944K, reserved 1105920K
  class space    used 8703K, capacity 9250K, committed 9368K, reserved 1048576K
}
Event: 18.424 GC heap before
{Heap before GC invocations=17 (full 3):
 PSYoungGen      total 186368K, used 184673K [0x00000000e0000000, 0x00000000eee00000, 0x0000000100000000)
  eden space 167424K, 100% used [0x00000000e0000000,0x00000000ea380000,0x00000000ea380000)
  from space 18944K, 91% used [0x00000000ea380000,0x00000000eb458670,0x00000000eb600000)
  to   space 20992K, 0% used [0x00000000ed980000,0x00000000ed980000,0x00000000eee00000)
 ParOldGen       total 137728K, used 32610K [0x00000000a0000000, 0x00000000a8680000, 0x00000000e0000000)
  object space 137728K, 23% used [0x00000000a0000000,0x00000000a1fd8aa0,0x00000000a8680000)
 Metaspace       used 65272K, capacity 67697K, committed 67992K, reserved 1107968K
  class space    used 8907K, capacity 9504K, committed 9624K, reserved 1048576K
Event: 18.487 GC heap after
Heap after GC invocations=17 (full 3):
 PSYoungGen      total 214528K, used 20979K [0x00000000e0000000, 0x00000000f0600000, 0x0000000100000000)
  eden space 193536K, 0% used [0x00000000e0000000,0x00000000e0000000,0x00000000ebd00000)
  from space 20992K, 99% used [0x00000000ed980000,0x00000000eedfcef0,0x00000000eee00000)
  to   space 29184K, 0% used [0x00000000ebd00000,0x00000000ebd00000,0x00000000ed980000)
 ParOldGen       total 137728K, used 45744K [0x00000000a0000000, 0x00000000a8680000, 0x00000000e0000000)
  object space 137728K, 33% used [0x00000000a0000000,0x00000000a2cac010,0x00000000a8680000)
 Metaspace       used 65272K, capacity 67697K, committed 67992K, reserved 1107968K
  class space    used 8907K, capacity 9504K, committed 9624K, reserved 1048576K
}
Event: 21.424 GC heap before
{Heap before GC invocations=18 (full 3):
 PSYoungGen      total 214528K, used 214515K [0x00000000e0000000, 0x00000000f0600000, 0x0000000100000000)
  eden space 193536K, 100% used [0x00000000e0000000,0x00000000ebd00000,0x00000000ebd00000)
  from space 20992K, 99% used [0x00000000ed980000,0x00000000eedfcef0,0x00000000eee00000)
  to   space 29184K, 0% used [0x00000000ebd00000,0x00000000ebd00000,0x00000000ed980000)
 ParOldGen       total 137728K, used 45744K [0x00000000a0000000, 0x00000000a8680000, 0x00000000e0000000)
  object space 137728K, 33% used [0x00000000a0000000,0x00000000a2cac010,0x00000000a8680000)
 Metaspace       used 73809K, capacity 77031K, committed 77336K, reserved 1116160K
  class space    used 10219K, capacity 10965K, committed 11032K, reserved 1048576K
Event: 21.553 GC heap after
Heap after GC invocations=18 (full 3):
 PSYoungGen      total 222720K, used 29164K [0x00000000e0000000, 0x00000000f5100000, 0x0000000100000000)
  eden space 193536K, 0% used [0x00000000e0000000,0x00000000e0000000,0x00000000ebd00000)
  from space 29184K, 99% used [0x00000000ebd00000,0x00000000ed97b150,0x00000000ed980000)
  to   space 48640K, 0% used [0x00000000f2180000,0x00000000f2180000,0x00000000f5100000)
 ParOldGen       total 137728K, used 85856K [0x00000000a0000000, 0x00000000a8680000, 0x00000000e0000000)
  object space 137728K, 62% used [0x00000000a0000000,0x00000000a53d8338,0x00000000a8680000)
 Metaspace       used 73809K, capacity 77031K, committed 77336K, reserved 1116160K
  class space    used 10219K, capacity 10965K, committed 11032K, reserved 1048576K
}
Event: 24.879 GC heap before
{Heap before GC invocations=19 (full 3):
 PSYoungGen      total 222720K, used 222700K [0x00000000e0000000, 0x00000000f5100000, 0x0000000100000000)
  eden space 193536K, 100% used [0x00000000e0000000,0x00000000ebd00000,0x00000000ebd00000)
  from space 29184K, 99% used [0x00000000ebd00000,0x00000000ed97b150,0x00000000ed980000)
  to   space 48640K, 0% used [0x00000000f2180000,0x00000000f2180000,0x00000000f5100000)
 ParOldGen       total 137728K, used 85856K [0x00000000a0000000, 0x00000000a8680000, 0x00000000e0000000)
  object space 137728K, 62% used [0x00000000a0000000,0x00000000a53d8338,0x00000000a8680000)
 Metaspace       used 78382K, capacity 81765K, committed 82072K, reserved 1120256K
  class space    used 10822K, capacity 11620K, committed 11672K, reserved 1048576K
Event: 24.940 GC heap after
Heap after GC invocations=19 (full 3):
 PSYoungGen      total 286208K, used 14036K [0x00000000e0000000, 0x00000000f4980000, 0x0000000100000000)
  eden space 245248K, 0% used [0x00000000e0000000,0x00000000e0000000,0x00000000eef80000)
  from space 40960K, 34% used [0x00000000f2180000,0x00000000f2f35138,0x00000000f4980000)
  to   space 46080K, 0% used [0x00000000eef80000,0x00000000eef80000,0x00000000f1c80000)
 ParOldGen       total 137728K, used 100656K [0x00000000a0000000, 0x00000000a8680000, 0x00000000e0000000)
  object space 137728K, 73% used [0x00000000a0000000,0x00000000a624c030,0x00000000a8680000)
 Metaspace       used 78382K, capacity 81765K, committed 82072K, reserved 1120256K
  class space    used 10822K, capacity 11620K, committed 11672K, reserved 1048576K
}
Event: 168.627 GC heap before
{Heap before GC invocations=20 (full 3):
 PSYoungGen      total 286208K, used 259264K [0x00000000e0000000, 0x00000000f4980000, 0x0000000100000000)
  eden space 245248K, 99% used [0x00000000e0000000,0x00000000eef7afe8,0x00000000eef80000)
  from space 40960K, 34% used [0x00000000f2180000,0x00000000f2f35138,0x00000000f4980000)
  to   space 46080K, 0% used [0x00000000eef80000,0x00000000eef80000,0x00000000f1c80000)
 ParOldGen       total 137728K, used 100656K [0x00000000a0000000, 0x00000000a8680000, 0x00000000e0000000)
  object space 137728K, 73% used [0x00000000a0000000,0x00000000a624c030,0x00000000a8680000)
 Metaspace       used 83768K, capacity 87419K, committed 87704K, reserved 1124352K
  class space    used 11276K, capacity 12077K, committed 12184K, reserved 1048576K
Event: 168.696 GC heap after
Heap after GC invocations=20 (full 3):
 PSYoungGen      total 291328K, used 38044K [0x00000000e0000000, 0x00000000f7680000, 0x0000000100000000)
  eden space 245248K, 0% used [0x00000000e0000000,0x00000000e0000000,0x00000000eef80000)
  from space 46080K, 82% used [0x00000000eef80000,0x00000000f14a72f8,0x00000000f1c80000)
  to   space 50688K, 0% used [0x00000000f4500000,0x00000000f4500000,0x00000000f7680000)
 ParOldGen       total 137728K, used 100664K [0x00000000a0000000, 0x00000000a8680000, 0x00000000e0000000)
  object space 137728K, 73% used [0x00000000a0000000,0x00000000a624e030,0x00000000a8680000)
 Metaspace       used 83768K, capacity 87419K, committed 87704K, reserved 1124352K
  class space    used 11276K, capacity 12077K, committed 12184K, reserved 1048576K
}

