# JRE version: OpenJDK Runtime Environment (8.0_212-b04) (build 1.8.0_212-release-1586-b04)
# Java VM: OpenJDK 64-Bit Server VM (25.212-b04 mixed mode windows-amd64 compressed oops)
Heap:
 PSYoungGen      total 429568K, used 255384K [0x00000000e0000000, 0x00000000fec00000, 0x0000000100000000)
  eden space 354816K, 68% used [0x00000000e0000000,0x00000000eebcf370,0x00000000f5a80000)
  from space 74752K, 18% used [0x00000000fa300000,0x00000000fb096cd8,0x00000000fec00000)
  to   space 74240K, 0% used [0x00000000f5a80000,0x00000000f5a80000,0x00000000fa300000)
 ParOldGen       total 656384K, used 346560K [0x00000000a0000000, 0x00000000c8100000, 0x00000000e0000000)
  object space 656384K, 52% used [0x00000000a0000000,0x00000000b52700d8,0x00000000c8100000)
 Metaspace       used 108002K, capacity 113414K, committed 114688K, reserved 1148928K
  class space    used 13587K, capacity 14635K, committed 15360K, reserved 1048576K
GC Heap History (10 events):
Event: 5875.459 GC heap before
{Heap before GC invocations=85 (full 9):
 PSYoungGen      total 400896K, used 308032K [0x00000000e0000000, 0x00000000ff580000, 0x0000000100000000)
  eden space 301056K, 99% used [0x00000000e0000000,0x00000000f25ee7a0,0x00000000f2600000)
  from space 99840K, 7% used [0x00000000f2600000,0x00000000f2ce1890,0x00000000f8780000)
  to   space 96256K, 0% used [0x00000000f9780000,0x00000000f9780000,0x00000000ff580000)
 ParOldGen       total 656384K, used 346552K [0x00000000a0000000, 0x00000000c8100000, 0x00000000e0000000)
  object space 656384K, 52% used [0x00000000a0000000,0x00000000b526e0d8,0x00000000c8100000)
 Metaspace       used 107941K, capacity 113336K, committed 114688K, reserved 1148928K
  class space    used 13583K, capacity 14634K, committed 15360K, reserved 1048576K
Event: 5875.487 GC heap after
Heap after GC invocations=85 (full 9):
 PSYoungGen      total 406016K, used 8592K [0x00000000e0000000, 0x00000000feb80000, 0x0000000100000000)
  eden space 320000K, 0% used [0x00000000e0000000,0x00000000e0000000,0x00000000f3880000)
  from space 86016K, 9% used [0x00000000f9780000,0x00000000f9fe4100,0x00000000feb80000)
  to   space 91648K, 0% used [0x00000000f3880000,0x00000000f3880000,0x00000000f9200000)
 ParOldGen       total 656384K, used 346560K [0x00000000a0000000, 0x00000000c8100000, 0x00000000e0000000)
  object space 656384K, 52% used [0x00000000a0000000,0x00000000b52700d8,0x00000000c8100000)
 Metaspace       used 107941K, capacity 113336K, committed 114688K, reserved 1148928K
  class space    used 13583K, capacity 14634K, committed 15360K, reserved 1048576K
}
Event: 5880.973 GC heap before
{Heap before GC invocations=86 (full 9):
 PSYoungGen      total 406016K, used 328592K [0x00000000e0000000, 0x00000000feb80000, 0x0000000100000000)
  eden space 320000K, 100% used [0x00000000e0000000,0x00000000f3880000,0x00000000f3880000)
  from space 86016K, 9% used [0x00000000f9780000,0x00000000f9fe4100,0x00000000feb80000)
  to   space 91648K, 0% used [0x00000000f3880000,0x00000000f3880000,0x00000000f9200000)
 ParOldGen       total 656384K, used 346560K [0x00000000a0000000, 0x00000000c8100000, 0x00000000e0000000)
  object space 656384K, 52% used [0x00000000a0000000,0x00000000b52700d8,0x00000000c8100000)
 Metaspace       used 107947K, capacity 113340K, committed 114688K, reserved 1148928K
  class space    used 13583K, capacity 14634K, committed 15360K, reserved 1048576K
Event: 5880.991 GC heap after
Heap after GC invocations=86 (full 9):
 PSYoungGen      total 411648K, used 9227K [0x00000000e0000000, 0x00000000ff480000, 0x0000000100000000)
  eden space 320000K, 0% used [0x00000000e0000000,0x00000000e0000000,0x00000000f3880000)
  from space 91648K, 10% used [0x00000000f3880000,0x00000000f4182e60,0x00000000f9200000)
  to   space 87552K, 0% used [0x00000000f9f00000,0x00000000f9f00000,0x00000000ff480000)
 ParOldGen       total 656384K, used 346560K [0x00000000a0000000, 0x00000000c8100000, 0x00000000e0000000)
  object space 656384K, 52% used [0x00000000a0000000,0x00000000b52700d8,0x00000000c8100000)
 Metaspace       used 107947K, capacity 113340K, committed 114688K, reserved 1148928K
  class space    used 13583K, capacity 14634K, committed 15360K, reserved 1048576K
}
Event: 5883.955 GC heap before
{Heap before GC invocations=87 (full 9):
 PSYoungGen      total 411648K, used 329227K [0x00000000e0000000, 0x00000000ff480000, 0x0000000100000000)
  eden space 320000K, 100% used [0x00000000e0000000,0x00000000f3880000,0x00000000f3880000)
  from space 91648K, 10% used [0x00000000f3880000,0x00000000f4182e60,0x00000000f9200000)
  to   space 87552K, 0% used [0x00000000f9f00000,0x00000000f9f00000,0x00000000ff480000)
 ParOldGen       total 656384K, used 346560K [0x00000000a0000000, 0x00000000c8100000, 0x00000000e0000000)
  object space 656384K, 52% used [0x00000000a0000000,0x00000000b52700d8,0x00000000c8100000)
 Metaspace       used 107966K, capacity 113404K, committed 114688K, reserved 1148928K
  class space    used 13583K, capacity 14634K, committed 15360K, reserved 1048576K
Event: 5883.969 GC heap after
Heap after GC invocations=87 (full 9):
 PSYoungGen      total 413696K, used 5929K [0x00000000e0000000, 0x00000000feb80000, 0x0000000100000000)
  eden space 335360K, 0% used [0x00000000e0000000,0x00000000e0000000,0x00000000f4780000)
  from space 78336K, 7% used [0x00000000f9f00000,0x00000000fa4ca7f0,0x00000000feb80000)
  to   space 83968K, 0% used [0x00000000f4780000,0x00000000f4780000,0x00000000f9980000)
 ParOldGen       total 656384K, used 346560K [0x00000000a0000000, 0x00000000c8100000, 0x00000000e0000000)
  object space 656384K, 52% used [0x00000000a0000000,0x00000000b52700d8,0x00000000c8100000)
 Metaspace       used 107966K, capacity 113404K, committed 114688K, reserved 1148928K
  class space    used 13583K, capacity 14634K, committed 15360K, reserved 1048576K
}
Event: 5887.020 GC heap before
{Heap before GC invocations=88 (full 9):
 PSYoungGen      total 413696K, used 341098K [0x00000000e0000000, 0x00000000feb80000, 0x0000000100000000)
  eden space 335360K, 99% used [0x00000000e0000000,0x00000000f4750188,0x00000000f4780000)
  from space 78336K, 7% used [0x00000000f9f00000,0x00000000fa4ca7f0,0x00000000feb80000)
  to   space 83968K, 0% used [0x00000000f4780000,0x00000000f4780000,0x00000000f9980000)
 ParOldGen       total 656384K, used 346560K [0x00000000a0000000, 0x00000000c8100000, 0x00000000e0000000)
  object space 656384K, 52% used [0x00000000a0000000,0x00000000b52700d8,0x00000000c8100000)
 Metaspace       used 107977K, capacity 113408K, committed 114688K, reserved 1148928K
  class space    used 13584K, capacity 14634K, committed 15360K, reserved 1048576K
Event: 5887.036 GC heap after
Heap after GC invocations=88 (full 9):
 PSYoungGen      total 419328K, used 11873K [0x00000000e0000000, 0x00000000ff000000, 0x0000000100000000)
  eden space 335360K, 0% used [0x00000000e0000000,0x00000000e0000000,0x00000000f4780000)
  from space 83968K, 14% used [0x00000000f4780000,0x00000000f5318530,0x00000000f9980000)
  to   space 78848K, 0% used [0x00000000fa300000,0x00000000fa300000,0x00000000ff000000)
 ParOldGen       total 656384K, used 346560K [0x00000000a0000000, 0x00000000c8100000, 0x00000000e0000000)
  object space 656384K, 52% used [0x00000000a0000000,0x00000000b52700d8,0x00000000c8100000)
 Metaspace       used 107977K, capacity 113408K, committed 114688K, reserved 1148928K
  class space    used 13584K, capacity 14634K, committed 15360K, reserved 1048576K
}
Event: 5890.562 GC heap before
{Heap before GC invocations=89 (full 9):
 PSYoungGen      total 419328K, used 347233K [0x00000000e0000000, 0x00000000ff000000, 0x0000000100000000)
  eden space 335360K, 100% used [0x00000000e0000000,0x00000000f4780000,0x00000000f4780000)
  from space 83968K, 14% used [0x00000000f4780000,0x00000000f5318530,0x00000000f9980000)
  to   space 78848K, 0% used [0x00000000fa300000,0x00000000fa300000,0x00000000ff000000)
 ParOldGen       total 656384K, used 346560K [0x00000000a0000000, 0x00000000c8100000, 0x00000000e0000000)
  object space 656384K, 52% used [0x00000000a0000000,0x00000000b52700d8,0x00000000c8100000)
 Metaspace       used 107985K, capacity 113408K, committed 114688K, reserved 1148928K
  class space    used 13585K, capacity 14634K, committed 15360K, reserved 1048576K
Event: 5890.652 GC heap after
Heap after GC invocations=89 (full 9):
 PSYoungGen      total 429568K, used 13915K [0x00000000e0000000, 0x00000000fec00000, 0x0000000100000000)
  eden space 354816K, 0% used [0x00000000e0000000,0x00000000e0000000,0x00000000f5a80000)
  from space 74752K, 18% used [0x00000000fa300000,0x00000000fb096cd8,0x00000000fec00000)
  to   space 74240K, 0% used [0x00000000f5a80000,0x00000000f5a80000,0x00000000fa300000)
 ParOldGen       total 656384K, used 346560K [0x00000000a0000000, 0x00000000c8100000, 0x00000000e0000000)
  object space 656384K, 52% used [0x00000000a0000000,0x00000000b52700d8,0x00000000c8100000)
 Metaspace       used 107985K, capacity 113408K, committed 114688K, reserved 1148928K
  class space    used 13585K, capacity 14634K, committed 15360K, reserved 1048576K
}

