# JRE version: OpenJDK Runtime Environment (8.0_212-b04) (build 1.8.0_212-release-1586-b04)
# Java VM: OpenJDK 64-Bit Server VM (25.212-b04 mixed mode windows-amd64 compressed oops)
Heap:
 PSYoungGen      total 413184K, used 211619K [0x00000000e0000000, 0x0000000100000000, 0x0000000100000000)
  eden space 343040K, 61% used [0x00000000e0000000,0x00000000ecea8c28,0x00000000f4f00000)
  from space 70144K, 0% used [0x00000000f4f00000,0x00000000f4f00000,0x00000000f9380000)
  to   space 96256K, 0% used [0x00000000fa200000,0x00000000fa200000,0x0000000100000000)
 ParOldGen       total 479744K, used 479070K [0x00000000a0000000, 0x00000000bd480000, 0x00000000e0000000)
  object space 479744K, 99% used [0x00000000a0000000,0x00000000bd3d7830,0x00000000bd480000)
 Metaspace       used 86811K, capacity 90224K, committed 90536K, reserved 1128448K
  class space    used 11390K, capacity 12114K, committed 12200K, reserved 1048576K
GC Heap History (10 events):
Event: 446.520 GC heap before
{Heap before GC invocations=69 (full 36):
 PSYoungGen      total 413184K, used 343040K [0x00000000e0000000, 0x0000000100000000, 0x0000000100000000)
  eden space 343040K, 100% used [0x00000000e0000000,0x00000000f4f00000,0x00000000f4f00000)
  from space 70144K, 0% used [0x00000000f4f00000,0x00000000f4f00000,0x00000000f9380000)
  to   space 96256K, 0% used [0x00000000fa200000,0x00000000fa200000,0x0000000100000000)
 ParOldGen       total 479744K, used 478701K [0x00000000a0000000, 0x00000000bd480000, 0x00000000e0000000)
  object space 479744K, 99% used [0x00000000a0000000,0x00000000bd37b468,0x00000000bd480000)
 Metaspace       used 86745K, capacity 90140K, committed 90280K, reserved 1128448K
  class space    used 11387K, capacity 12112K, committed 12200K, reserved 1048576K
Event: 447.123 GC heap after
Heap after GC invocations=69 (full 36):
 PSYoungGen      total 413184K, used 144628K [0x00000000e0000000, 0x0000000100000000, 0x0000000100000000)
  eden space 343040K, 42% used [0x00000000e0000000,0x00000000e8d3d1d0,0x00000000f4f00000)
  from space 70144K, 0% used [0x00000000f4f00000,0x00000000f4f00000,0x00000000f9380000)
  to   space 96256K, 0% used [0x00000000fa200000,0x00000000fa200000,0x0000000100000000)
 ParOldGen       total 479744K, used 478808K [0x00000000a0000000, 0x00000000bd480000, 0x00000000e0000000)
  object space 479744K, 99% used [0x00000000a0000000,0x00000000bd396080,0x00000000bd480000)
 Metaspace       used 86745K, capacity 90140K, committed 90280K, reserved 1128448K
  class space    used 11387K, capacity 12112K, committed 12200K, reserved 1048576K
}
Event: 447.895 GC heap before
{Heap before GC invocations=70 (full 37):
 PSYoungGen      total 413184K, used 343040K [0x00000000e0000000, 0x0000000100000000, 0x0000000100000000)
  eden space 343040K, 100% used [0x00000000e0000000,0x00000000f4f00000,0x00000000f4f00000)
  from space 70144K, 0% used [0x00000000f4f00000,0x00000000f4f00000,0x00000000f9380000)
  to   space 96256K, 0% used [0x00000000fa200000,0x00000000fa200000,0x0000000100000000)
 ParOldGen       total 479744K, used 478808K [0x00000000a0000000, 0x00000000bd480000, 0x00000000e0000000)
  object space 479744K, 99% used [0x00000000a0000000,0x00000000bd396080,0x00000000bd480000)
 Metaspace       used 86746K, capacity 90140K, committed 90280K, reserved 1128448K
  class space    used 11387K, capacity 12112K, committed 12200K, reserved 1048576K
Event: 448.499 GC heap after
Heap after GC invocations=70 (full 37):
 PSYoungGen      total 413184K, used 129447K [0x00000000e0000000, 0x0000000100000000, 0x0000000100000000)
  eden space 343040K, 37% used [0x00000000e0000000,0x00000000e7e69fb8,0x00000000f4f00000)
  from space 70144K, 0% used [0x00000000f4f00000,0x00000000f4f00000,0x00000000f9380000)
  to   space 96256K, 0% used [0x00000000fa200000,0x00000000fa200000,0x0000000100000000)
 ParOldGen       total 479744K, used 478959K [0x00000000a0000000, 0x00000000bd480000, 0x00000000e0000000)
  object space 479744K, 99% used [0x00000000a0000000,0x00000000bd3bbfd8,0x00000000bd480000)
 Metaspace       used 86746K, capacity 90140K, committed 90280K, reserved 1128448K
  class space    used 11387K, capacity 12112K, committed 12200K, reserved 1048576K
}
Event: 449.457 GC heap before
{Heap before GC invocations=71 (full 38):
 PSYoungGen      total 413184K, used 343040K [0x00000000e0000000, 0x0000000100000000, 0x0000000100000000)
  eden space 343040K, 100% used [0x00000000e0000000,0x00000000f4f00000,0x00000000f4f00000)
  from space 70144K, 0% used [0x00000000f4f00000,0x00000000f4f00000,0x00000000f9380000)
  to   space 96256K, 0% used [0x00000000fa200000,0x00000000fa200000,0x0000000100000000)
 ParOldGen       total 479744K, used 478959K [0x00000000a0000000, 0x00000000bd480000, 0x00000000e0000000)
  object space 479744K, 99% used [0x00000000a0000000,0x00000000bd3bbfd8,0x00000000bd480000)
 Metaspace       used 86750K, capacity 90144K, committed 90280K, reserved 1128448K
  class space    used 11387K, capacity 12112K, committed 12200K, reserved 1048576K
Event: 450.132 GC heap after
Heap after GC invocations=71 (full 38):
 PSYoungGen      total 413184K, used 130445K [0x00000000e0000000, 0x0000000100000000, 0x0000000100000000)
  eden space 343040K, 38% used [0x00000000e0000000,0x00000000e7f63760,0x00000000f4f00000)
  from space 70144K, 0% used [0x00000000f4f00000,0x00000000f4f00000,0x00000000f9380000)
  to   space 96256K, 0% used [0x00000000fa200000,0x00000000fa200000,0x0000000100000000)
 ParOldGen       total 479744K, used 479005K [0x00000000a0000000, 0x00000000bd480000, 0x00000000e0000000)
  object space 479744K, 99% used [0x00000000a0000000,0x00000000bd3c7560,0x00000000bd480000)
 Metaspace       used 86750K, capacity 90144K, committed 90280K, reserved 1128448K
  class space    used 11387K, capacity 12112K, committed 12200K, reserved 1048576K
}
Event: 452.253 GC heap before
{Heap before GC invocations=72 (full 39):
 PSYoungGen      total 413184K, used 343040K [0x00000000e0000000, 0x0000000100000000, 0x0000000100000000)
  eden space 343040K, 100% used [0x00000000e0000000,0x00000000f4f00000,0x00000000f4f00000)
  from space 70144K, 0% used [0x00000000f4f00000,0x00000000f4f00000,0x00000000f9380000)
  to   space 96256K, 0% used [0x00000000fa200000,0x00000000fa200000,0x0000000100000000)
 ParOldGen       total 479744K, used 479005K [0x00000000a0000000, 0x00000000bd480000, 0x00000000e0000000)
  object space 479744K, 99% used [0x00000000a0000000,0x00000000bd3c7560,0x00000000bd480000)
 Metaspace       used 86797K, capacity 90224K, committed 90536K, reserved 1128448K
  class space    used 11390K, capacity 12114K, committed 12200K, reserved 1048576K
Event: 452.989 GC heap after
Heap after GC invocations=72 (full 39):
 PSYoungGen      total 413184K, used 139998K [0x00000000e0000000, 0x0000000100000000, 0x0000000100000000)
  eden space 343040K, 40% used [0x00000000e0000000,0x00000000e88b7870,0x00000000f4f00000)
  from space 70144K, 0% used [0x00000000f4f00000,0x00000000f4f00000,0x00000000f9380000)
  to   space 96256K, 0% used [0x00000000fa200000,0x00000000fa200000,0x0000000100000000)
 ParOldGen       total 479744K, used 479005K [0x00000000a0000000, 0x00000000bd480000, 0x00000000e0000000)
  object space 479744K, 99% used [0x00000000a0000000,0x00000000bd3c74a8,0x00000000bd480000)
 Metaspace       used 86797K, capacity 90224K, committed 90536K, reserved 1128448K
  class space    used 11390K, capacity 12114K, committed 12200K, reserved 1048576K
}
Event: 454.675 GC heap before
{Heap before GC invocations=73 (full 40):
 PSYoungGen      total 413184K, used 343040K [0x00000000e0000000, 0x0000000100000000, 0x0000000100000000)
  eden space 343040K, 100% used [0x00000000e0000000,0x00000000f4f00000,0x00000000f4f00000)
  from space 70144K, 0% used [0x00000000f4f00000,0x00000000f4f00000,0x00000000f9380000)
  to   space 96256K, 0% used [0x00000000fa200000,0x00000000fa200000,0x0000000100000000)
 ParOldGen       total 479744K, used 479005K [0x00000000a0000000, 0x00000000bd480000, 0x00000000e0000000)
  object space 479744K, 99% used [0x00000000a0000000,0x00000000bd3c74a8,0x00000000bd480000)
 Metaspace       used 86808K, capacity 90224K, committed 90536K, reserved 1128448K
  class space    used 11390K, capacity 12114K, committed 12200K, reserved 1048576K
Event: 455.279 GC heap after
Heap after GC invocations=73 (full 40):
 PSYoungGen      total 413184K, used 132122K [0x00000000e0000000, 0x0000000100000000, 0x0000000100000000)
  eden space 343040K, 38% used [0x00000000e0000000,0x00000000e8106af8,0x00000000f4f00000)
  from space 70144K, 0% used [0x00000000f4f00000,0x00000000f4f00000,0x00000000f9380000)
  to   space 96256K, 0% used [0x00000000fa200000,0x00000000fa200000,0x0000000100000000)
 ParOldGen       total 479744K, used 479070K [0x00000000a0000000, 0x00000000bd480000, 0x00000000e0000000)
  object space 479744K, 99% used [0x00000000a0000000,0x00000000bd3d7830,0x00000000bd480000)
 Metaspace       used 86808K, capacity 90224K, committed 90536K, reserved 1128448K
  class space    used 11390K, capacity 12114K, committed 12200K, reserved 1048576K
}

