# JRE version: OpenJDK Runtime Environment (8.0_212-b04) (build 1.8.0_212-release-1586-b04)
# Java VM: OpenJDK 64-Bit Server VM (25.212-b04 mixed mode windows-amd64 compressed oops)
Heap:
 PSYoungGen      total 232448K, used 158950K [0x00000000e0000000, 0x00000000f1100000, 0x0000000100000000)
  eden space 196608K, 62% used [0x00000000e0000000,0x00000000e783e710,0x00000000ec000000)
  from space 35840K, 99% used [0x00000000ee900000,0x00000000f0bfb410,0x00000000f0c00000)
  to   space 41472K, 0% used [0x00000000ec000000,0x00000000ec000000,0x00000000ee880000)
 ParOldGen       total 147456K, used 72440K [0x00000000a0000000, 0x00000000a9000000, 0x00000000e0000000)
  object space 147456K, 49% used [0x00000000a0000000,0x00000000a46be3c8,0x00000000a9000000)
 Metaspace       used 77419K, capacity 80726K, committed 81048K, reserved 1120256K
  class space    used 10383K, capacity 11068K, committed 11160K, reserved 1048576K
GC Heap History (10 events):
Event: 13.378 GC heap before
{Heap before GC invocations=15 (full 3):
 PSYoungGen      total 168960K, used 12435K [0x00000000e0000000, 0x00000000ec180000, 0x0000000100000000)
  eden space 151040K, 0% used [0x00000000e0000000,0x00000000e0000000,0x00000000e9380000)
  from space 17920K, 69% used [0x00000000ea580000,0x00000000eb1a4ed8,0x00000000eb700000)
  to   space 18432K, 0% used [0x00000000e9380000,0x00000000e9380000,0x00000000ea580000)
 ParOldGen       total 99328K, used 29353K [0x00000000a0000000, 0x00000000a6100000, 0x00000000e0000000)
  object space 99328K, 29% used [0x00000000a0000000,0x00000000a1caa4f8,0x00000000a6100000)
 Metaspace       used 57101K, capacity 59080K, committed 59160K, reserved 1099776K
  class space    used 7877K, capacity 8413K, committed 8472K, reserved 1048576K
Event: 13.698 GC heap after
Heap after GC invocations=15 (full 3):
 PSYoungGen      total 168960K, used 0K [0x00000000e0000000, 0x00000000ec180000, 0x0000000100000000)
  eden space 151040K, 0% used [0x00000000e0000000,0x00000000e0000000,0x00000000e9380000)
  from space 17920K, 0% used [0x00000000ea580000,0x00000000ea580000,0x00000000eb700000)
  to   space 18432K, 0% used [0x00000000e9380000,0x00000000e9380000,0x00000000ea580000)
 ParOldGen       total 147456K, used 33076K [0x00000000a0000000, 0x00000000a9000000, 0x00000000e0000000)
  object space 147456K, 22% used [0x00000000a0000000,0x00000000a204d250,0x00000000a9000000)
 Metaspace       used 57076K, capacity 59002K, committed 59160K, reserved 1099776K
  class space    used 7870K, capacity 8400K, committed 8472K, reserved 1048576K
}
Event: 16.157 GC heap before
{Heap before GC invocations=16 (full 3):
 PSYoungGen      total 168960K, used 151040K [0x00000000e0000000, 0x00000000ec180000, 0x0000000100000000)
  eden space 151040K, 100% used [0x00000000e0000000,0x00000000e9380000,0x00000000e9380000)
  from space 17920K, 0% used [0x00000000ea580000,0x00000000ea580000,0x00000000eb700000)
  to   space 18432K, 0% used [0x00000000e9380000,0x00000000e9380000,0x00000000ea580000)
 ParOldGen       total 147456K, used 33076K [0x00000000a0000000, 0x00000000a9000000, 0x00000000e0000000)
  object space 147456K, 22% used [0x00000000a0000000,0x00000000a204d250,0x00000000a9000000)
 Metaspace       used 59143K, capacity 61434K, committed 61720K, reserved 1101824K
  class space    used 8112K, capacity 8664K, committed 8728K, reserved 1048576K
Event: 16.173 GC heap after
Heap after GC invocations=16 (full 3):
 PSYoungGen      total 169472K, used 11136K [0x00000000e0000000, 0x00000000ed200000, 0x0000000100000000)
  eden space 151040K, 0% used [0x00000000e0000000,0x00000000e0000000,0x00000000e9380000)
  from space 18432K, 60% used [0x00000000e9380000,0x00000000e9e601b8,0x00000000ea580000)
  to   space 17920K, 0% used [0x00000000ec080000,0x00000000ec080000,0x00000000ed200000)
 ParOldGen       total 147456K, used 33084K [0x00000000a0000000, 0x00000000a9000000, 0x00000000e0000000)
  object space 147456K, 22% used [0x00000000a0000000,0x00000000a204f250,0x00000000a9000000)
 Metaspace       used 59143K, capacity 61434K, committed 61720K, reserved 1101824K
  class space    used 8112K, capacity 8664K, committed 8728K, reserved 1048576K
}
Event: 18.577 GC heap before
{Heap before GC invocations=17 (full 3):
 PSYoungGen      total 169472K, used 162176K [0x00000000e0000000, 0x00000000ed200000, 0x0000000100000000)
  eden space 151040K, 100% used [0x00000000e0000000,0x00000000e9380000,0x00000000e9380000)
  from space 18432K, 60% used [0x00000000e9380000,0x00000000e9e601b8,0x00000000ea580000)
  to   space 17920K, 0% used [0x00000000ec080000,0x00000000ec080000,0x00000000ed200000)
 ParOldGen       total 147456K, used 33084K [0x00000000a0000000, 0x00000000a9000000, 0x00000000e0000000)
  object space 147456K, 22% used [0x00000000a0000000,0x00000000a204f250,0x00000000a9000000)
 Metaspace       used 64515K, capacity 67030K, committed 67224K, reserved 1107968K
  class space    used 8951K, capacity 9506K, committed 9624K, reserved 1048576K
Event: 18.727 GC heap after
Heap after GC invocations=17 (full 3):
 PSYoungGen      total 180224K, used 17912K [0x00000000e0000000, 0x00000000efe80000, 0x0000000100000000)
  eden space 162304K, 0% used [0x00000000e0000000,0x00000000e0000000,0x00000000e9e80000)
  from space 17920K, 99% used [0x00000000ec080000,0x00000000ed1fe1e0,0x00000000ed200000)
  to   space 34816K, 0% used [0x00000000e9e80000,0x00000000e9e80000,0x00000000ec080000)
 ParOldGen       total 147456K, used 71740K [0x00000000a0000000, 0x00000000a9000000, 0x00000000e0000000)
  object space 147456K, 48% used [0x00000000a0000000,0x00000000a460f2c8,0x00000000a9000000)
 Metaspace       used 64515K, capacity 67030K, committed 67224K, reserved 1107968K
  class space    used 8951K, capacity 9506K, committed 9624K, reserved 1048576K
}
Event: 21.910 GC heap before
{Heap before GC invocations=18 (full 3):
 PSYoungGen      total 180224K, used 180216K [0x00000000e0000000, 0x00000000efe80000, 0x0000000100000000)
  eden space 162304K, 100% used [0x00000000e0000000,0x00000000e9e80000,0x00000000e9e80000)
  from space 17920K, 99% used [0x00000000ec080000,0x00000000ed1fe1e0,0x00000000ed200000)
  to   space 34816K, 0% used [0x00000000e9e80000,0x00000000e9e80000,0x00000000ec080000)
 ParOldGen       total 147456K, used 71740K [0x00000000a0000000, 0x00000000a9000000, 0x00000000e0000000)
  object space 147456K, 48% used [0x00000000a0000000,0x00000000a460f2c8,0x00000000a9000000)
 Metaspace       used 67933K, capacity 70742K, committed 70936K, reserved 1110016K
  class space    used 9385K, capacity 9998K, committed 10008K, reserved 1048576K
Event: 21.961 GC heap after
Heap after GC invocations=18 (full 3):
 PSYoungGen      total 197120K, used 22662K [0x00000000e0000000, 0x00000000f0c00000, 0x0000000100000000)
  eden space 162304K, 0% used [0x00000000e0000000,0x00000000e0000000,0x00000000e9e80000)
  from space 34816K, 65% used [0x00000000e9e80000,0x00000000eb4a1aa0,0x00000000ec080000)
  to   space 35840K, 0% used [0x00000000ee900000,0x00000000ee900000,0x00000000f0c00000)
 ParOldGen       total 147456K, used 71748K [0x00000000a0000000, 0x00000000a9000000, 0x00000000e0000000)
  object space 147456K, 48% used [0x00000000a0000000,0x00000000a46112c8,0x00000000a9000000)
 Metaspace       used 67933K, capacity 70742K, committed 70936K, reserved 1110016K
  class space    used 9385K, capacity 9998K, committed 10008K, reserved 1048576K
}
Event: 1373.525 GC heap before
{Heap before GC invocations=19 (full 3):
 PSYoungGen      total 197120K, used 184966K [0x00000000e0000000, 0x00000000f0c00000, 0x0000000100000000)
  eden space 162304K, 100% used [0x00000000e0000000,0x00000000e9e80000,0x00000000e9e80000)
  from space 34816K, 65% used [0x00000000e9e80000,0x00000000eb4a1aa0,0x00000000ec080000)
  to   space 35840K, 0% used [0x00000000ee900000,0x00000000ee900000,0x00000000f0c00000)
 ParOldGen       total 147456K, used 71748K [0x00000000a0000000, 0x00000000a9000000, 0x00000000e0000000)
  object space 147456K, 48% used [0x00000000a0000000,0x00000000a46112c8,0x00000000a9000000)
 Metaspace       used 74922K, capacity 78102K, committed 78232K, reserved 1116160K
  class space    used 10121K, capacity 10798K, committed 10904K, reserved 1048576K
Event: 1373.594 GC heap after
Heap after GC invocations=19 (full 3):
 PSYoungGen      total 232448K, used 35821K [0x00000000e0000000, 0x00000000f1100000, 0x0000000100000000)
  eden space 196608K, 0% used [0x00000000e0000000,0x00000000e0000000,0x00000000ec000000)
  from space 35840K, 99% used [0x00000000ee900000,0x00000000f0bfb410,0x00000000f0c00000)
  to   space 41472K, 0% used [0x00000000ec000000,0x00000000ec000000,0x00000000ee880000)
 ParOldGen       total 147456K, used 72440K [0x00000000a0000000, 0x00000000a9000000, 0x00000000e0000000)
  object space 147456K, 49% used [0x00000000a0000000,0x00000000a46be3c8,0x00000000a9000000)
 Metaspace       used 74922K, capacity 78102K, committed 78232K, reserved 1116160K
  class space    used 10121K, capacity 10798K, committed 10904K, reserved 1048576K
}

