# JRE version: OpenJDK Runtime Environment (8.0_212-b04) (build 1.8.0_212-release-1586-b04)
# Java VM: OpenJDK 64-Bit Server VM (25.212-b04 mixed mode windows-amd64 compressed oops)
Heap:
 PSYoungGen      total 167936K, used 122751K [0x00000000e0000000, 0x00000000ece00000, 0x0000000100000000)
  eden space 153600K, 70% used [0x00000000e0000000,0x00000000e69e5b00,0x00000000e9600000)
  from space 14336K, 99% used [0x00000000e9600000,0x00000000ea3fa200,0x00000000ea400000)
  to   space 23552K, 0% used [0x00000000eb700000,0x00000000eb700000,0x00000000ece00000)
 ParOldGen       total 90624K, used 57002K [0x00000000a0000000, 0x00000000a5880000, 0x00000000e0000000)
  object space 90624K, 62% used [0x00000000a0000000,0x00000000a37aaba8,0x00000000a5880000)
 Metaspace       used 62832K, capacity 65144K, committed 65448K, reserved 1105920K
  class space    used 8531K, capacity 9088K, committed 9128K, reserved 1048576K
GC Heap History (10 events):
Event: 27.770 GC heap before
{Heap before GC invocations=16 (full 2):
 PSYoungGen      total 105472K, used 103638K [0x00000000e0000000, 0x00000000e8a80000, 0x0000000100000000)
  eden space 94208K, 100% used [0x00000000e0000000,0x00000000e5c00000,0x00000000e5c00000)
  from space 11264K, 83% used [0x00000000e5c00000,0x00000000e6535978,0x00000000e6700000)
  to   space 11776K, 0% used [0x00000000e7f00000,0x00000000e7f00000,0x00000000e8a80000)
 ParOldGen       total 90624K, used 22267K [0x00000000a0000000, 0x00000000a5880000, 0x00000000e0000000)
  object space 90624K, 24% used [0x00000000a0000000,0x00000000a15bef70,0x00000000a5880000)
 Metaspace       used 55203K, capacity 57088K, committed 57384K, reserved 1097728K
  class space    used 7614K, capacity 8114K, committed 8232K, reserved 1048576K
Event: 27.810 GC heap after
Heap after GC invocations=16 (full 2):
 PSYoungGen      total 129024K, used 10353K [0x00000000e0000000, 0x00000000e9180000, 0x0000000100000000)
  eden space 117248K, 0% used [0x00000000e0000000,0x00000000e0000000,0x00000000e7280000)
  from space 11776K, 87% used [0x00000000e7f00000,0x00000000e891c750,0x00000000e8a80000)
  to   space 12800K, 0% used [0x00000000e7280000,0x00000000e7280000,0x00000000e7f00000)
 ParOldGen       total 90624K, used 28029K [0x00000000a0000000, 0x00000000a5880000, 0x00000000e0000000)
  object space 90624K, 30% used [0x00000000a0000000,0x00000000a1b5f580,0x00000000a5880000)
 Metaspace       used 55203K, capacity 57088K, committed 57384K, reserved 1097728K
  class space    used 7614K, capacity 8114K, committed 8232K, reserved 1048576K
}
Event: 29.579 GC heap before
{Heap before GC invocations=17 (full 2):
 PSYoungGen      total 129024K, used 56540K [0x00000000e0000000, 0x00000000e9180000, 0x0000000100000000)
  eden space 117248K, 39% used [0x00000000e0000000,0x00000000e2d1a9e8,0x00000000e7280000)
  from space 11776K, 87% used [0x00000000e7f00000,0x00000000e891c750,0x00000000e8a80000)
  to   space 12800K, 0% used [0x00000000e7280000,0x00000000e7280000,0x00000000e7f00000)
 ParOldGen       total 90624K, used 28029K [0x00000000a0000000, 0x00000000a5880000, 0x00000000e0000000)
  object space 90624K, 30% used [0x00000000a0000000,0x00000000a1b5f580,0x00000000a5880000)
 Metaspace       used 57117K, capacity 59100K, committed 59160K, reserved 1099776K
  class space    used 7829K, capacity 8358K, committed 8360K, reserved 1048576K
Event: 29.610 GC heap after
Heap after GC invocations=17 (full 2):
 PSYoungGen      total 130048K, used 5131K [0x00000000e0000000, 0x00000000eb200000, 0x0000000100000000)
  eden space 117248K, 0% used [0x00000000e0000000,0x00000000e0000000,0x00000000e7280000)
  from space 12800K, 40% used [0x00000000e7280000,0x00000000e7782f68,0x00000000e7f00000)
  to   space 12800K, 0% used [0x00000000ea580000,0x00000000ea580000,0x00000000eb200000)
 ParOldGen       total 90624K, used 32780K [0x00000000a0000000, 0x00000000a5880000, 0x00000000e0000000)
  object space 90624K, 36% used [0x00000000a0000000,0x00000000a20032f0,0x00000000a5880000)
 Metaspace       used 57117K, capacity 59100K, committed 59160K, reserved 1099776K
  class space    used 7829K, capacity 8358K, committed 8360K, reserved 1048576K
}
Event: 29.610 GC heap before
{Heap before GC invocations=18 (full 3):
 PSYoungGen      total 130048K, used 5131K [0x00000000e0000000, 0x00000000eb200000, 0x0000000100000000)
  eden space 117248K, 0% used [0x00000000e0000000,0x00000000e0000000,0x00000000e7280000)
  from space 12800K, 40% used [0x00000000e7280000,0x00000000e7782f68,0x00000000e7f00000)
  to   space 12800K, 0% used [0x00000000ea580000,0x00000000ea580000,0x00000000eb200000)
 ParOldGen       total 90624K, used 32780K [0x00000000a0000000, 0x00000000a5880000, 0x00000000e0000000)
  object space 90624K, 36% used [0x00000000a0000000,0x00000000a20032f0,0x00000000a5880000)
 Metaspace       used 57117K, capacity 59100K, committed 59160K, reserved 1099776K
  class space    used 7829K, capacity 8358K, committed 8360K, reserved 1048576K
Event: 30.056 GC heap after
Heap after GC invocations=18 (full 3):
 PSYoungGen      total 130048K, used 0K [0x00000000e0000000, 0x00000000eb200000, 0x0000000100000000)
  eden space 117248K, 0% used [0x00000000e0000000,0x00000000e0000000,0x00000000e7280000)
  from space 12800K, 0% used [0x00000000e7280000,0x00000000e7280000,0x00000000e7f00000)
  to   space 12800K, 0% used [0x00000000ea580000,0x00000000ea580000,0x00000000eb200000)
 ParOldGen       total 90624K, used 36193K [0x00000000a0000000, 0x00000000a5880000, 0x00000000e0000000)
  object space 90624K, 39% used [0x00000000a0000000,0x00000000a23586f0,0x00000000a5880000)
 Metaspace       used 57117K, capacity 59100K, committed 59160K, reserved 1099776K
  class space    used 7829K, capacity 8358K, committed 8360K, reserved 1048576K
}
Event: 36.356 GC heap before
{Heap before GC invocations=19 (full 3):
 PSYoungGen      total 130048K, used 117248K [0x00000000e0000000, 0x00000000eb200000, 0x0000000100000000)
  eden space 117248K, 100% used [0x00000000e0000000,0x00000000e7280000,0x00000000e7280000)
  from space 12800K, 0% used [0x00000000e7280000,0x00000000e7280000,0x00000000e7f00000)
  to   space 12800K, 0% used [0x00000000ea580000,0x00000000ea580000,0x00000000eb200000)
 ParOldGen       total 90624K, used 36193K [0x00000000a0000000, 0x00000000a5880000, 0x00000000e0000000)
  object space 90624K, 39% used [0x00000000a0000000,0x00000000a23586f0,0x00000000a5880000)
 Metaspace       used 59048K, capacity 61312K, committed 61352K, reserved 1101824K
  class space    used 8079K, capacity 8616K, committed 8616K, reserved 1048576K
Event: 36.376 GC heap after
Heap after GC invocations=19 (full 3):
 PSYoungGen      total 155136K, used 12780K [0x00000000e0000000, 0x00000000eb200000, 0x0000000100000000)
  eden space 142336K, 0% used [0x00000000e0000000,0x00000000e0000000,0x00000000e8b00000)
  from space 12800K, 99% used [0x00000000ea580000,0x00000000eb1fb0f8,0x00000000eb200000)
  to   space 14336K, 0% used [0x00000000e9600000,0x00000000e9600000,0x00000000ea400000)
 ParOldGen       total 90624K, used 36610K [0x00000000a0000000, 0x00000000a5880000, 0x00000000e0000000)
  object space 90624K, 40% used [0x00000000a0000000,0x00000000a23c0ad0,0x00000000a5880000)
 Metaspace       used 59048K, capacity 61312K, committed 61352K, reserved 1101824K
  class space    used 8079K, capacity 8616K, committed 8616K, reserved 1048576K
}
Event: 41.007 GC heap before
{Heap before GC invocations=20 (full 3):
 PSYoungGen      total 155136K, used 155116K [0x00000000e0000000, 0x00000000eb200000, 0x0000000100000000)
  eden space 142336K, 100% used [0x00000000e0000000,0x00000000e8b00000,0x00000000e8b00000)
  from space 12800K, 99% used [0x00000000ea580000,0x00000000eb1fb0f8,0x00000000eb200000)
  to   space 14336K, 0% used [0x00000000e9600000,0x00000000e9600000,0x00000000ea400000)
 ParOldGen       total 90624K, used 36610K [0x00000000a0000000, 0x00000000a5880000, 0x00000000e0000000)
  object space 90624K, 40% used [0x00000000a0000000,0x00000000a23c0ad0,0x00000000a5880000)
 Metaspace       used 60780K, capacity 63024K, committed 63144K, reserved 1103872K
  class space    used 8315K, capacity 8872K, committed 8872K, reserved 1048576K
Event: 41.062 GC heap after
Heap after GC invocations=20 (full 3):
 PSYoungGen      total 167936K, used 14312K [0x00000000e0000000, 0x00000000ece00000, 0x0000000100000000)
  eden space 153600K, 0% used [0x00000000e0000000,0x00000000e0000000,0x00000000e9600000)
  from space 14336K, 99% used [0x00000000e9600000,0x00000000ea3fa200,0x00000000ea400000)
  to   space 23552K, 0% used [0x00000000eb700000,0x00000000eb700000,0x00000000ece00000)
 ParOldGen       total 90624K, used 57002K [0x00000000a0000000, 0x00000000a5880000, 0x00000000e0000000)
  object space 90624K, 62% used [0x00000000a0000000,0x00000000a37aaba8,0x00000000a5880000)
 Metaspace       used 60780K, capacity 63024K, committed 63144K, reserved 1103872K
  class space    used 8315K, capacity 8872K, committed 8872K, reserved 1048576K
}

