# JRE version: OpenJDK Runtime Environment (8.0_212-b04) (build 1.8.0_212-release-1586-b04)
# Java VM: OpenJDK 64-Bit Server VM (25.212-b04 mixed mode windows-amd64 compressed oops)
Heap:
 PSYoungGen      total 475648K, used 272357K [0x00000000e0000000, 0x0000000100000000, 0x0000000100000000)
  eden space 434176K, 54% used [0x00000000e0000000,0x00000000ee5ad1c0,0x00000000fa800000)
  from space 41472K, 89% used [0x00000000fd580000,0x00000000ff9cc408,0x00000000ffe00000)
  to   space 45056K, 0% used [0x00000000fa800000,0x00000000fa800000,0x00000000fd400000)
 ParOldGen       total 131072K, used 80198K [0x00000000a0000000, 0x00000000a8000000, 0x00000000e0000000)
  object space 131072K, 61% used [0x00000000a0000000,0x00000000a4e51a08,0x00000000a8000000)
 Metaspace       used 88822K, capacity 92785K, committed 93080K, reserved 1130496K
  class space    used 11454K, capacity 12344K, committed 12440K, reserved 1048576K
GC Heap History (10 events):
Event: 1089.876 GC heap before
{Heap before GC invocations=27 (full 3):
 PSYoungGen      total 423936K, used 410655K [0x00000000e0000000, 0x0000000100000000, 0x0000000100000000)
  eden space 385024K, 100% used [0x00000000e0000000,0x00000000f7800000,0x00000000f7800000)
  from space 38912K, 65% used [0x00000000f7800000,0x00000000f9107cb8,0x00000000f9e00000)
  to   space 39424K, 0% used [0x00000000fd980000,0x00000000fd980000,0x0000000100000000)
 ParOldGen       total 131072K, used 72617K [0x00000000a0000000, 0x00000000a8000000, 0x00000000e0000000)
  object space 131072K, 55% used [0x00000000a0000000,0x00000000a46ea6e8,0x00000000a8000000)
 Metaspace       used 88573K, capacity 92527K, committed 92696K, reserved 1130496K
  class space    used 11431K, capacity 12293K, committed 12312K, reserved 1048576K
Event: 1089.939 GC heap after
Heap after GC invocations=27 (full 3):
 PSYoungGen      total 481792K, used 28012K [0x00000000e0000000, 0x0000000100000000, 0x0000000100000000)
  eden space 442368K, 0% used [0x00000000e0000000,0x00000000e0000000,0x00000000fb000000)
  from space 39424K, 71% used [0x00000000fd980000,0x00000000ff4db040,0x0000000100000000)
  to   space 40960K, 0% used [0x00000000fb000000,0x00000000fb000000,0x00000000fd800000)
 ParOldGen       total 131072K, used 72857K [0x00000000a0000000, 0x00000000a8000000, 0x00000000e0000000)
  object space 131072K, 55% used [0x00000000a0000000,0x00000000a47264b8,0x00000000a8000000)
 Metaspace       used 88573K, capacity 92527K, committed 92696K, reserved 1130496K
  class space    used 11431K, capacity 12293K, committed 12312K, reserved 1048576K
}
Event: 1092.650 GC heap before
{Heap before GC invocations=28 (full 3):
 PSYoungGen      total 481792K, used 470380K [0x00000000e0000000, 0x0000000100000000, 0x0000000100000000)
  eden space 442368K, 100% used [0x00000000e0000000,0x00000000fb000000,0x00000000fb000000)
  from space 39424K, 71% used [0x00000000fd980000,0x00000000ff4db040,0x0000000100000000)
  to   space 40960K, 0% used [0x00000000fb000000,0x00000000fb000000,0x00000000fd800000)
 ParOldGen       total 131072K, used 72857K [0x00000000a0000000, 0x00000000a8000000, 0x00000000e0000000)
  object space 131072K, 55% used [0x00000000a0000000,0x00000000a47264b8,0x00000000a8000000)
 Metaspace       used 88595K, capacity 92527K, committed 92696K, reserved 1130496K
  class space    used 11431K, capacity 12293K, committed 12312K, reserved 1048576K
Event: 1092.728 GC heap after
Heap after GC invocations=28 (full 3):
 PSYoungGen      total 472576K, used 29851K [0x00000000e0000000, 0x0000000100000000, 0x0000000100000000)
  eden space 442368K, 0% used [0x00000000e0000000,0x00000000e0000000,0x00000000fb000000)
  from space 30208K, 98% used [0x00000000fb000000,0x00000000fcd26d08,0x00000000fcd80000)
  to   space 42496K, 0% used [0x00000000fd680000,0x00000000fd680000,0x0000000100000000)
 ParOldGen       total 131072K, used 73036K [0x00000000a0000000, 0x00000000a8000000, 0x00000000e0000000)
  object space 131072K, 55% used [0x00000000a0000000,0x00000000a4753250,0x00000000a8000000)
 Metaspace       used 88595K, capacity 92527K, committed 92696K, reserved 1130496K
  class space    used 11431K, capacity 12293K, committed 12312K, reserved 1048576K
}
Event: 1095.704 GC heap before
{Heap before GC invocations=29 (full 3):
 PSYoungGen      total 472576K, used 472219K [0x00000000e0000000, 0x0000000100000000, 0x0000000100000000)
  eden space 442368K, 100% used [0x00000000e0000000,0x00000000fb000000,0x00000000fb000000)
  from space 30208K, 98% used [0x00000000fb000000,0x00000000fcd26d08,0x00000000fcd80000)
  to   space 42496K, 0% used [0x00000000fd680000,0x00000000fd680000,0x0000000100000000)
 ParOldGen       total 131072K, used 73036K [0x00000000a0000000, 0x00000000a8000000, 0x00000000e0000000)
  object space 131072K, 55% used [0x00000000a0000000,0x00000000a4753250,0x00000000a8000000)
 Metaspace       used 88615K, capacity 92527K, committed 92696K, reserved 1130496K
  class space    used 11431K, capacity 12293K, committed 12312K, reserved 1048576K
Event: 1095.800 GC heap after
Heap after GC invocations=29 (full 3):
 PSYoungGen      total 481792K, used 27097K [0x00000000e0000000, 0x0000000100000000, 0x0000000100000000)
  eden space 439296K, 0% used [0x00000000e0000000,0x00000000e0000000,0x00000000fad00000)
  from space 42496K, 63% used [0x00000000fd680000,0x00000000ff0f65b8,0x0000000100000000)
  to   space 42496K, 0% used [0x00000000fad00000,0x00000000fad00000,0x00000000fd680000)
 ParOldGen       total 131072K, used 78177K [0x00000000a0000000, 0x00000000a8000000, 0x00000000e0000000)
  object space 131072K, 59% used [0x00000000a0000000,0x00000000a4c58530,0x00000000a8000000)
 Metaspace       used 88615K, capacity 92527K, committed 92696K, reserved 1130496K
  class space    used 11431K, capacity 12293K, committed 12312K, reserved 1048576K
}
Event: 1098.622 GC heap before
{Heap before GC invocations=30 (full 3):
 PSYoungGen      total 481792K, used 466393K [0x00000000e0000000, 0x0000000100000000, 0x0000000100000000)
  eden space 439296K, 100% used [0x00000000e0000000,0x00000000fad00000,0x00000000fad00000)
  from space 42496K, 63% used [0x00000000fd680000,0x00000000ff0f65b8,0x0000000100000000)
  to   space 42496K, 0% used [0x00000000fad00000,0x00000000fad00000,0x00000000fd680000)
 ParOldGen       total 131072K, used 78177K [0x00000000a0000000, 0x00000000a8000000, 0x00000000e0000000)
  object space 131072K, 59% used [0x00000000a0000000,0x00000000a4c58530,0x00000000a8000000)
 Metaspace       used 88713K, capacity 92679K, committed 92824K, reserved 1130496K
  class space    used 11443K, capacity 12337K, committed 12440K, reserved 1048576K
Event: 1098.690 GC heap after
Heap after GC invocations=30 (full 3):
 PSYoungGen      total 463872K, used 24335K [0x00000000e0000000, 0x00000000ffe00000, 0x0000000100000000)
  eden space 439296K, 0% used [0x00000000e0000000,0x00000000e0000000,0x00000000fad00000)
  from space 24576K, 99% used [0x00000000fad00000,0x00000000fc4c3dd0,0x00000000fc500000)
  to   space 41472K, 0% used [0x00000000fd580000,0x00000000fd580000,0x00000000ffe00000)
 ParOldGen       total 131072K, used 80198K [0x00000000a0000000, 0x00000000a8000000, 0x00000000e0000000)
  object space 131072K, 61% used [0x00000000a0000000,0x00000000a4e51a08,0x00000000a8000000)
 Metaspace       used 88713K, capacity 92679K, committed 92824K, reserved 1130496K
  class space    used 11443K, capacity 12337K, committed 12440K, reserved 1048576K
}
Event: 1102.985 GC heap before
{Heap before GC invocations=31 (full 3):
 PSYoungGen      total 463872K, used 463631K [0x00000000e0000000, 0x00000000ffe00000, 0x0000000100000000)
  eden space 439296K, 100% used [0x00000000e0000000,0x00000000fad00000,0x00000000fad00000)
  from space 24576K, 99% used [0x00000000fad00000,0x00000000fc4c3dd0,0x00000000fc500000)
  to   space 41472K, 0% used [0x00000000fd580000,0x00000000fd580000,0x00000000ffe00000)
 ParOldGen       total 131072K, used 80198K [0x00000000a0000000, 0x00000000a8000000, 0x00000000e0000000)
  object space 131072K, 61% used [0x00000000a0000000,0x00000000a4e51a08,0x00000000a8000000)
 Metaspace       used 88751K, capacity 92685K, committed 92824K, reserved 1130496K
  class space    used 11444K, capacity 12338K, committed 12440K, reserved 1048576K
Event: 1103.078 GC heap after
Heap after GC invocations=31 (full 3):
 PSYoungGen      total 475648K, used 37169K [0x00000000e0000000, 0x0000000100000000, 0x0000000100000000)
  eden space 434176K, 0% used [0x00000000e0000000,0x00000000e0000000,0x00000000fa800000)
  from space 41472K, 89% used [0x00000000fd580000,0x00000000ff9cc408,0x00000000ffe00000)
  to   space 45056K, 0% used [0x00000000fa800000,0x00000000fa800000,0x00000000fd400000)
 ParOldGen       total 131072K, used 80198K [0x00000000a0000000, 0x00000000a8000000, 0x00000000e0000000)
  object space 131072K, 61% used [0x00000000a0000000,0x00000000a4e51a08,0x00000000a8000000)
 Metaspace       used 88751K, capacity 92685K, committed 92824K, reserved 1130496K
  class space    used 11444K, capacity 12338K, committed 12440K, reserved 1048576K
}

