# JRE version: OpenJDK Runtime Environment (8.0_212-b04) (build 1.8.0_212-release-1586-b04)
# Java VM: OpenJDK 64-Bit Server VM (25.212-b04 mixed mode windows-amd64 compressed oops)
Heap:
 PSYoungGen      total 179200K, used 150423K [0x00000000e0000000, 0x00000000ecf00000, 0x0000000100000000)
  eden space 160768K, 83% used [0x00000000e0000000,0x00000000e829e6b8,0x00000000e9d00000)
  from space 18432K, 90% used [0x00000000e9d00000,0x00000000ead47598,0x00000000eaf00000)
  to   space 16896K, 0% used [0x00000000eaf00000,0x00000000eaf00000,0x00000000ebf80000)
 ParOldGen       total 96768K, used 37217K [0x00000000a0000000, 0x00000000a5e80000, 0x00000000e0000000)
  object space 96768K, 38% used [0x00000000a0000000,0x00000000a2458620,0x00000000a5e80000)
 Metaspace       used 62282K, capacity 64543K, committed 64680K, reserved 1105920K
  class space    used 8513K, capacity 9034K, committed 9128K, reserved 1048576K
GC Heap History (10 events):
Event: 10.550 GC heap before
{Heap before GC invocations=12 (full 2):
 PSYoungGen      total 116224K, used 104448K [0x00000000e0000000, 0x00000000ea780000, 0x0000000100000000)
  eden space 104448K, 100% used [0x00000000e0000000,0x00000000e6600000,0x00000000e6600000)
  from space 11776K, 0% used [0x00000000e6600000,0x00000000e6600000,0x00000000e7180000)
  to   space 13312K, 0% used [0x00000000e9a80000,0x00000000e9a80000,0x00000000ea780000)
 ParOldGen       total 96768K, used 19407K [0x00000000a0000000, 0x00000000a5e80000, 0x00000000e0000000)
  object space 96768K, 20% used [0x00000000a0000000,0x00000000a12f3c48,0x00000000a5e80000)
 Metaspace       used 45127K, capacity 46340K, committed 46632K, reserved 1089536K
  class space    used 6057K, capacity 6414K, committed 6440K, reserved 1048576K
Event: 10.567 GC heap after
Heap after GC invocations=12 (full 2):
 PSYoungGen      total 143360K, used 13310K [0x00000000e0000000, 0x00000000ea780000, 0x0000000100000000)
  eden space 130048K, 0% used [0x00000000e0000000,0x00000000e0000000,0x00000000e7f00000)
  from space 13312K, 99% used [0x00000000e9a80000,0x00000000ea77f8c0,0x00000000ea780000)
  to   space 15360K, 0% used [0x00000000e8980000,0x00000000e8980000,0x00000000e9880000)
 ParOldGen       total 96768K, used 20750K [0x00000000a0000000, 0x00000000a5e80000, 0x00000000e0000000)
  object space 96768K, 21% used [0x00000000a0000000,0x00000000a1443868,0x00000000a5e80000)
 Metaspace       used 45127K, capacity 46340K, committed 46632K, reserved 1089536K
  class space    used 6057K, capacity 6414K, committed 6440K, reserved 1048576K
}
Event: 13.085 GC heap before
{Heap before GC invocations=13 (full 2):
 PSYoungGen      total 143360K, used 143358K [0x00000000e0000000, 0x00000000ea780000, 0x0000000100000000)
  eden space 130048K, 100% used [0x00000000e0000000,0x00000000e7f00000,0x00000000e7f00000)
  from space 13312K, 99% used [0x00000000e9a80000,0x00000000ea77f8c0,0x00000000ea780000)
  to   space 15360K, 0% used [0x00000000e8980000,0x00000000e8980000,0x00000000e9880000)
 ParOldGen       total 96768K, used 20750K [0x00000000a0000000, 0x00000000a5e80000, 0x00000000e0000000)
  object space 96768K, 21% used [0x00000000a0000000,0x00000000a1443868,0x00000000a5e80000)
 Metaspace       used 53685K, capacity 55458K, committed 55720K, reserved 1097728K
  class space    used 7369K, capacity 7841K, committed 7848K, reserved 1048576K
Event: 13.134 GC heap after
Heap after GC invocations=13 (full 2):
 PSYoungGen      total 156160K, used 14271K [0x00000000e0000000, 0x00000000ebf80000, 0x0000000100000000)
  eden space 140800K, 0% used [0x00000000e0000000,0x00000000e0000000,0x00000000e8980000)
  from space 15360K, 92% used [0x00000000e8980000,0x00000000e976ffc0,0x00000000e9880000)
  to   space 16896K, 0% used [0x00000000eaf00000,0x00000000eaf00000,0x00000000ebf80000)
 ParOldGen       total 96768K, used 26733K [0x00000000a0000000, 0x00000000a5e80000, 0x00000000e0000000)
  object space 96768K, 27% used [0x00000000a0000000,0x00000000a1a1b630,0x00000000a5e80000)
 Metaspace       used 53685K, capacity 55458K, committed 55720K, reserved 1097728K
  class space    used 7369K, capacity 7841K, committed 7848K, reserved 1048576K
}
Event: 14.800 GC heap before
{Heap before GC invocations=14 (full 2):
 PSYoungGen      total 156160K, used 77868K [0x00000000e0000000, 0x00000000ebf80000, 0x0000000100000000)
  eden space 140800K, 45% used [0x00000000e0000000,0x00000000e3e1b1d0,0x00000000e8980000)
  from space 15360K, 92% used [0x00000000e8980000,0x00000000e976ffc0,0x00000000e9880000)
  to   space 16896K, 0% used [0x00000000eaf00000,0x00000000eaf00000,0x00000000ebf80000)
 ParOldGen       total 96768K, used 26733K [0x00000000a0000000, 0x00000000a5e80000, 0x00000000e0000000)
  object space 96768K, 27% used [0x00000000a0000000,0x00000000a1a1b630,0x00000000a5e80000)
 Metaspace       used 57115K, capacity 59101K, committed 59160K, reserved 1099776K
  class space    used 7832K, capacity 8360K, committed 8360K, reserved 1048576K
Event: 14.825 GC heap after
Heap after GC invocations=14 (full 2):
 PSYoungGen      total 177664K, used 15134K [0x00000000e0000000, 0x00000000ecf00000, 0x0000000100000000)
  eden space 160768K, 0% used [0x00000000e0000000,0x00000000e0000000,0x00000000e9d00000)
  from space 16896K, 89% used [0x00000000eaf00000,0x00000000ebdc78a8,0x00000000ebf80000)
  to   space 18432K, 0% used [0x00000000e9d00000,0x00000000e9d00000,0x00000000eaf00000)
 ParOldGen       total 96768K, used 26741K [0x00000000a0000000, 0x00000000a5e80000, 0x00000000e0000000)
  object space 96768K, 27% used [0x00000000a0000000,0x00000000a1a1d630,0x00000000a5e80000)
 Metaspace       used 57115K, capacity 59101K, committed 59160K, reserved 1099776K
  class space    used 7832K, capacity 8360K, committed 8360K, reserved 1048576K
}
Event: 14.825 GC heap before
{Heap before GC invocations=15 (full 3):
 PSYoungGen      total 177664K, used 15134K [0x00000000e0000000, 0x00000000ecf00000, 0x0000000100000000)
  eden space 160768K, 0% used [0x00000000e0000000,0x00000000e0000000,0x00000000e9d00000)
  from space 16896K, 89% used [0x00000000eaf00000,0x00000000ebdc78a8,0x00000000ebf80000)
  to   space 18432K, 0% used [0x00000000e9d00000,0x00000000e9d00000,0x00000000eaf00000)
 ParOldGen       total 96768K, used 26741K [0x00000000a0000000, 0x00000000a5e80000, 0x00000000e0000000)
  object space 96768K, 27% used [0x00000000a0000000,0x00000000a1a1d630,0x00000000a5e80000)
 Metaspace       used 57115K, capacity 59101K, committed 59160K, reserved 1099776K
  class space    used 7832K, capacity 8360K, committed 8360K, reserved 1048576K
Event: 15.129 GC heap after
Heap after GC invocations=15 (full 3):
 PSYoungGen      total 177664K, used 0K [0x00000000e0000000, 0x00000000ecf00000, 0x0000000100000000)
  eden space 160768K, 0% used [0x00000000e0000000,0x00000000e0000000,0x00000000e9d00000)
  from space 16896K, 0% used [0x00000000eaf00000,0x00000000eaf00000,0x00000000ebf80000)
  to   space 18432K, 0% used [0x00000000e9d00000,0x00000000e9d00000,0x00000000eaf00000)
 ParOldGen       total 96768K, used 37209K [0x00000000a0000000, 0x00000000a5e80000, 0x00000000e0000000)
  object space 96768K, 38% used [0x00000000a0000000,0x00000000a2456620,0x00000000a5e80000)
 Metaspace       used 57115K, capacity 59101K, committed 59160K, reserved 1099776K
  class space    used 7832K, capacity 8360K, committed 8360K, reserved 1048576K
}
Event: 18.177 GC heap before
{Heap before GC invocations=16 (full 3):
 PSYoungGen      total 177664K, used 160766K [0x00000000e0000000, 0x00000000ecf00000, 0x0000000100000000)
  eden space 160768K, 99% used [0x00000000e0000000,0x00000000e9cffa68,0x00000000e9d00000)
  from space 16896K, 0% used [0x00000000eaf00000,0x00000000eaf00000,0x00000000ebf80000)
  to   space 18432K, 0% used [0x00000000e9d00000,0x00000000e9d00000,0x00000000eaf00000)
 ParOldGen       total 96768K, used 37209K [0x00000000a0000000, 0x00000000a5e80000, 0x00000000e0000000)
  object space 96768K, 38% used [0x00000000a0000000,0x00000000a2456620,0x00000000a5e80000)
 Metaspace       used 59750K, capacity 61975K, committed 62248K, reserved 1103872K
  class space    used 8182K, capacity 8698K, committed 8744K, reserved 1048576K
Event: 18.202 GC heap after
Heap after GC invocations=16 (full 3):
 PSYoungGen      total 179200K, used 16669K [0x00000000e0000000, 0x00000000ecf00000, 0x0000000100000000)
  eden space 160768K, 0% used [0x00000000e0000000,0x00000000e0000000,0x00000000e9d00000)
  from space 18432K, 90% used [0x00000000e9d00000,0x00000000ead47598,0x00000000eaf00000)
  to   space 16896K, 0% used [0x00000000eaf00000,0x00000000eaf00000,0x00000000ebf80000)
 ParOldGen       total 96768K, used 37217K [0x00000000a0000000, 0x00000000a5e80000, 0x00000000e0000000)
  object space 96768K, 38% used [0x00000000a0000000,0x00000000a2458620,0x00000000a5e80000)
 Metaspace       used 59750K, capacity 61975K, committed 62248K, reserved 1103872K
  class space    used 8182K, capacity 8698K, committed 8744K, reserved 1048576K
}

