# JRE version: OpenJDK Runtime Environment (8.0_212-b04) (build 1.8.0_212-release-1586-b04)
# Java VM: OpenJDK 64-Bit Server VM (25.212-b04 mixed mode windows-amd64 compressed oops)
Heap:
 PSYoungGen      total 379392K, used 62591K [0x00000000e0000000, 0x0000000100000000, 0x0000000100000000)
  eden space 292352K, 1% used [0x00000000e0000000,0x00000000e04607a0,0x00000000f1d80000)
  from space 87040K, 66% used [0x00000000f8300000,0x00000000fbbbf548,0x00000000fd800000)
  to   space 103936K, 0% used [0x00000000f1d80000,0x00000000f1d80000,0x00000000f8300000)
 ParOldGen       total 248320K, used 112554K [0x00000000a0000000, 0x00000000af280000, 0x00000000e0000000)
  object space 248320K, 45% used [0x00000000a0000000,0x00000000a6deaa38,0x00000000af280000)
 Metaspace       used 89005K, capacity 93152K, committed 93464K, reserved 1130496K
  class space    used 11583K, capacity 12461K, committed 12568K, reserved 1048576K
GC Heap History (10 events):
Event: 331.283 GC heap before
{Heap before GC invocations=24 (full 4):
 PSYoungGen      total 308736K, used 300964K [0x00000000e0000000, 0x00000000f8f00000, 0x0000000100000000)
  eden space 251904K, 99% used [0x00000000e0000000,0x00000000ef5f7ab8,0x00000000ef600000)
  from space 56832K, 86% used [0x00000000ef600000,0x00000000f25f1690,0x00000000f2d80000)
  to   space 62976K, 0% used [0x00000000f5180000,0x00000000f5180000,0x00000000f8f00000)
 ParOldGen       total 248320K, used 75970K [0x00000000a0000000, 0x00000000af280000, 0x00000000e0000000)
  object space 248320K, 30% used [0x00000000a0000000,0x00000000a4a309c0,0x00000000af280000)
 Metaspace       used 85424K, capacity 89174K, committed 89496K, reserved 1126400K
  class space    used 11314K, capacity 12122K, committed 12184K, reserved 1048576K
Event: 331.457 GC heap after
Heap after GC invocations=24 (full 4):
 PSYoungGen      total 321536K, used 62947K [0x00000000e0000000, 0x00000000fd200000, 0x0000000100000000)
  eden space 258560K, 0% used [0x00000000e0000000,0x00000000e0000000,0x00000000efc80000)
  from space 62976K, 99% used [0x00000000f5180000,0x00000000f8ef8c30,0x00000000f8f00000)
  to   space 87040K, 0% used [0x00000000efc80000,0x00000000efc80000,0x00000000f5180000)
 ParOldGen       total 248320K, used 112530K [0x00000000a0000000, 0x00000000af280000, 0x00000000e0000000)
  object space 248320K, 45% used [0x00000000a0000000,0x00000000a6de4a38,0x00000000af280000)
 Metaspace       used 85424K, capacity 89174K, committed 89496K, reserved 1126400K
  class space    used 11314K, capacity 12122K, committed 12184K, reserved 1048576K
}
Event: 517.637 GC heap before
{Heap before GC invocations=25 (full 4):
 PSYoungGen      total 321536K, used 321507K [0x00000000e0000000, 0x00000000fd200000, 0x0000000100000000)
  eden space 258560K, 100% used [0x00000000e0000000,0x00000000efc80000,0x00000000efc80000)
  from space 62976K, 99% used [0x00000000f5180000,0x00000000f8ef8c30,0x00000000f8f00000)
  to   space 87040K, 0% used [0x00000000efc80000,0x00000000efc80000,0x00000000f5180000)
 ParOldGen       total 248320K, used 112530K [0x00000000a0000000, 0x00000000af280000, 0x00000000e0000000)
  object space 248320K, 45% used [0x00000000a0000000,0x00000000a6de4a38,0x00000000af280000)
 Metaspace       used 85838K, capacity 89558K, committed 89752K, reserved 1126400K
  class space    used 11320K, capacity 12132K, committed 12184K, reserved 1048576K
Event: 517.758 GC heap after
Heap after GC invocations=25 (full 4):
 PSYoungGen      total 345600K, used 62653K [0x00000000e0000000, 0x00000000fdd80000, 0x0000000100000000)
  eden space 258560K, 0% used [0x00000000e0000000,0x00000000e0000000,0x00000000efc80000)
  from space 87040K, 71% used [0x00000000efc80000,0x00000000f39af4e8,0x00000000f5180000)
  to   space 92672K, 0% used [0x00000000f8300000,0x00000000f8300000,0x00000000fdd80000)
 ParOldGen       total 248320K, used 112538K [0x00000000a0000000, 0x00000000af280000, 0x00000000e0000000)
  object space 248320K, 45% used [0x00000000a0000000,0x00000000a6de6a38,0x00000000af280000)
 Metaspace       used 85838K, capacity 89558K, committed 89752K, reserved 1126400K
  class space    used 11320K, capacity 12132K, committed 12184K, reserved 1048576K
}
Event: 696.359 GC heap before
{Heap before GC invocations=26 (full 4):
 PSYoungGen      total 345600K, used 321213K [0x00000000e0000000, 0x00000000fdd80000, 0x0000000100000000)
  eden space 258560K, 100% used [0x00000000e0000000,0x00000000efc80000,0x00000000efc80000)
  from space 87040K, 71% used [0x00000000efc80000,0x00000000f39af4e8,0x00000000f5180000)
  to   space 92672K, 0% used [0x00000000f8300000,0x00000000f8300000,0x00000000fdd80000)
 ParOldGen       total 248320K, used 112538K [0x00000000a0000000, 0x00000000af280000, 0x00000000e0000000)
  object space 248320K, 45% used [0x00000000a0000000,0x00000000a6de6a38,0x00000000af280000)
 Metaspace       used 86070K, capacity 89910K, committed 90008K, reserved 1126400K
  class space    used 11323K, capacity 12136K, committed 12184K, reserved 1048576K
Event: 696.492 GC heap after
Heap after GC invocations=26 (full 4):
 PSYoungGen      total 384000K, used 52706K [0x00000000e0000000, 0x00000000fd800000, 0x0000000100000000)
  eden space 296960K, 0% used [0x00000000e0000000,0x00000000e0000000,0x00000000f2200000)
  from space 87040K, 60% used [0x00000000f8300000,0x00000000fb678878,0x00000000fd800000)
  to   space 93184K, 0% used [0x00000000f2200000,0x00000000f2200000,0x00000000f7d00000)
 ParOldGen       total 248320K, used 112546K [0x00000000a0000000, 0x00000000af280000, 0x00000000e0000000)
  object space 248320K, 45% used [0x00000000a0000000,0x00000000a6de8a38,0x00000000af280000)
 Metaspace       used 86070K, capacity 89910K, committed 90008K, reserved 1126400K
  class space    used 11323K, capacity 12136K, committed 12184K, reserved 1048576K
}
Event: 1909.203 GC heap before
{Heap before GC invocations=27 (full 4):
 PSYoungGen      total 384000K, used 349666K [0x00000000e0000000, 0x00000000fd800000, 0x0000000100000000)
  eden space 296960K, 100% used [0x00000000e0000000,0x00000000f2200000,0x00000000f2200000)
  from space 87040K, 60% used [0x00000000f8300000,0x00000000fb678878,0x00000000fd800000)
  to   space 93184K, 0% used [0x00000000f2200000,0x00000000f2200000,0x00000000f7d00000)
 ParOldGen       total 248320K, used 112546K [0x00000000a0000000, 0x00000000af280000, 0x00000000e0000000)
  object space 248320K, 45% used [0x00000000a0000000,0x00000000a6de8a38,0x00000000af280000)
 Metaspace       used 88677K, capacity 92764K, committed 92952K, reserved 1130496K
  class space    used 11566K, capacity 12451K, committed 12568K, reserved 1048576K
Event: 1909.331 GC heap after
Heap after GC invocations=27 (full 4):
 PSYoungGen      total 390144K, used 82933K [0x00000000e0000000, 0x00000000fd800000, 0x0000000100000000)
  eden space 296960K, 0% used [0x00000000e0000000,0x00000000e0000000,0x00000000f2200000)
  from space 93184K, 88% used [0x00000000f2200000,0x00000000f72fd580,0x00000000f7d00000)
  to   space 87040K, 0% used [0x00000000f8300000,0x00000000f8300000,0x00000000fd800000)
 ParOldGen       total 248320K, used 112546K [0x00000000a0000000, 0x00000000af280000, 0x00000000e0000000)
  object space 248320K, 45% used [0x00000000a0000000,0x00000000a6de8a38,0x00000000af280000)
 Metaspace       used 88677K, capacity 92764K, committed 92952K, reserved 1130496K
  class space    used 11566K, capacity 12451K, committed 12568K, reserved 1048576K
}
Event: 1963.907 GC heap before
{Heap before GC invocations=28 (full 4):
 PSYoungGen      total 390144K, used 379893K [0x00000000e0000000, 0x00000000fd800000, 0x0000000100000000)
  eden space 296960K, 100% used [0x00000000e0000000,0x00000000f2200000,0x00000000f2200000)
  from space 93184K, 88% used [0x00000000f2200000,0x00000000f72fd580,0x00000000f7d00000)
  to   space 87040K, 0% used [0x00000000f8300000,0x00000000f8300000,0x00000000fd800000)
 ParOldGen       total 248320K, used 112546K [0x00000000a0000000, 0x00000000af280000, 0x00000000e0000000)
  object space 248320K, 45% used [0x00000000a0000000,0x00000000a6de8a38,0x00000000af280000)
 Metaspace       used 89003K, capacity 93152K, committed 93464K, reserved 1130496K
  class space    used 11583K, capacity 12461K, committed 12568K, reserved 1048576K
Event: 1964.010 GC heap after
Heap after GC invocations=28 (full 4):
 PSYoungGen      total 379392K, used 58109K [0x00000000e0000000, 0x0000000100000000, 0x0000000100000000)
  eden space 292352K, 0% used [0x00000000e0000000,0x00000000e0000000,0x00000000f1d80000)
  from space 87040K, 66% used [0x00000000f8300000,0x00000000fbbbf548,0x00000000fd800000)
  to   space 103936K, 0% used [0x00000000f1d80000,0x00000000f1d80000,0x00000000f8300000)
 ParOldGen       total 248320K, used 112554K [0x00000000a0000000, 0x00000000af280000, 0x00000000e0000000)
  object space 248320K, 45% used [0x00000000a0000000,0x00000000a6deaa38,0x00000000af280000)
 Metaspace       used 89003K, capacity 93152K, committed 93464K, reserved 1130496K
  class space    used 11583K, capacity 12461K, committed 12568K, reserved 1048576K
}

