# JRE version: OpenJDK Runtime Environment (8.0_212-b04) (build 1.8.0_212-release-1586-b04)
# Java VM: OpenJDK 64-Bit Server VM (25.212-b04 mixed mode windows-amd64 compressed oops)
Heap:
 PSYoungGen      total 181760K, used 164864K [0x00000000e0000000, 0x00000000ed180000, 0x0000000100000000)
  eden space 164864K, 100% used [0x00000000e0000000,0x00000000ea100000,0x00000000ea100000)
  from space 16896K, 0% used [0x00000000eb280000,0x00000000eb280000,0x00000000ec300000)
  to   space 17920K, 85% used [0x00000000ea100000,0x00000000eb00c060,0x00000000eb280000)
 ParOldGen       total 95232K, used 37043K [0x00000000a0000000, 0x00000000a5d00000, 0x00000000e0000000)
  object space 95232K, 38% used [0x00000000a0000000,0x00000000a242cef8,0x00000000a5d00000)
 Metaspace       used 59742K, capacity 61977K, committed 62248K, reserved 1103872K
  class space    used 8184K, capacity 8703K, committed 8744K, reserved 1048576K
GC Heap History (10 events):
Event: 9.403 GC heap after
Heap after GC invocations=11 (full 2):
 PSYoungGen      total 118272K, used 0K [0x00000000e0000000, 0x00000000ea900000, 0x0000000100000000)
  eden space 106496K, 0% used [0x00000000e0000000,0x00000000e0000000,0x00000000e6800000)
  from space 11776K, 0% used [0x00000000e6800000,0x00000000e6800000,0x00000000e7380000)
  to   space 13312K, 0% used [0x00000000e9c00000,0x00000000e9c00000,0x00000000ea900000)
 ParOldGen       total 95232K, used 19328K [0x00000000a0000000, 0x00000000a5d00000, 0x00000000e0000000)
  object space 95232K, 20% used [0x00000000a0000000,0x00000000a12e0198,0x00000000a5d00000)
 Metaspace       used 34603K, capacity 35466K, committed 35496K, reserved 1079296K
  class space    used 4747K, capacity 5022K, committed 5032K, reserved 1048576K
}
Event: 11.355 GC heap before
{Heap before GC invocations=12 (full 2):
 PSYoungGen      total 118272K, used 106496K [0x00000000e0000000, 0x00000000ea900000, 0x0000000100000000)
  eden space 106496K, 100% used [0x00000000e0000000,0x00000000e6800000,0x00000000e6800000)
  from space 11776K, 0% used [0x00000000e6800000,0x00000000e6800000,0x00000000e7380000)
  to   space 13312K, 0% used [0x00000000e9c00000,0x00000000e9c00000,0x00000000ea900000)
 ParOldGen       total 95232K, used 19328K [0x00000000a0000000, 0x00000000a5d00000, 0x00000000e0000000)
  object space 95232K, 20% used [0x00000000a0000000,0x00000000a12e0198,0x00000000a5d00000)
 Metaspace       used 45240K, capacity 46392K, committed 46632K, reserved 1089536K
  class space    used 6073K, capacity 6414K, committed 6440K, reserved 1048576K
Event: 11.370 GC heap after
Heap after GC invocations=12 (full 2):
 PSYoungGen      total 144896K, used 13310K [0x00000000e0000000, 0x00000000ea900000, 0x0000000100000000)
  eden space 131584K, 0% used [0x00000000e0000000,0x00000000e0000000,0x00000000e8080000)
  from space 13312K, 99% used [0x00000000e9c00000,0x00000000ea8ff980,0x00000000ea900000)
  to   space 15360K, 0% used [0x00000000e8b00000,0x00000000e8b00000,0x00000000e9a00000)
 ParOldGen       total 95232K, used 19805K [0x00000000a0000000, 0x00000000a5d00000, 0x00000000e0000000)
  object space 95232K, 20% used [0x00000000a0000000,0x00000000a13575c8,0x00000000a5d00000)
 Metaspace       used 45240K, capacity 46392K, committed 46632K, reserved 1089536K
  class space    used 6073K, capacity 6414K, committed 6440K, reserved 1048576K
}
Event: 13.771 GC heap before
{Heap before GC invocations=13 (full 2):
 PSYoungGen      total 144896K, used 144894K [0x00000000e0000000, 0x00000000ea900000, 0x0000000100000000)
  eden space 131584K, 100% used [0x00000000e0000000,0x00000000e8080000,0x00000000e8080000)
  from space 13312K, 99% used [0x00000000e9c00000,0x00000000ea8ff980,0x00000000ea900000)
  to   space 15360K, 0% used [0x00000000e8b00000,0x00000000e8b00000,0x00000000e9a00000)
 ParOldGen       total 95232K, used 19805K [0x00000000a0000000, 0x00000000a5d00000, 0x00000000e0000000)
  object space 95232K, 20% used [0x00000000a0000000,0x00000000a13575c8,0x00000000a5d00000)
 Metaspace       used 54043K, capacity 55830K, committed 56104K, reserved 1097728K
  class space    used 7438K, capacity 7905K, committed 7976K, reserved 1048576K
Event: 13.826 GC heap after
Heap after GC invocations=13 (full 2):
 PSYoungGen      total 157696K, used 14205K [0x00000000e0000000, 0x00000000ec300000, 0x0000000100000000)
  eden space 142336K, 0% used [0x00000000e0000000,0x00000000e0000000,0x00000000e8b00000)
  from space 15360K, 92% used [0x00000000e8b00000,0x00000000e98df6e8,0x00000000e9a00000)
  to   space 16896K, 0% used [0x00000000eb280000,0x00000000eb280000,0x00000000ec300000)
 ParOldGen       total 95232K, used 25874K [0x00000000a0000000, 0x00000000a5d00000, 0x00000000e0000000)
  object space 95232K, 27% used [0x00000000a0000000,0x00000000a1944b50,0x00000000a5d00000)
 Metaspace       used 54043K, capacity 55830K, committed 56104K, reserved 1097728K
  class space    used 7438K, capacity 7905K, committed 7976K, reserved 1048576K
}
Event: 15.423 GC heap before
{Heap before GC invocations=14 (full 2):
 PSYoungGen      total 157696K, used 73979K [0x00000000e0000000, 0x00000000ec300000, 0x0000000100000000)
  eden space 142336K, 41% used [0x00000000e0000000,0x00000000e3a5f6d0,0x00000000e8b00000)
  from space 15360K, 92% used [0x00000000e8b00000,0x00000000e98df6e8,0x00000000e9a00000)
  to   space 16896K, 0% used [0x00000000eb280000,0x00000000eb280000,0x00000000ec300000)
 ParOldGen       total 95232K, used 25874K [0x00000000a0000000, 0x00000000a5d00000, 0x00000000e0000000)
  object space 95232K, 27% used [0x00000000a0000000,0x00000000a1944b50,0x00000000a5d00000)
 Metaspace       used 57098K, capacity 59157K, committed 59160K, reserved 1099776K
  class space    used 7831K, capacity 8360K, committed 8360K, reserved 1048576K
Event: 15.444 GC heap after
Heap after GC invocations=14 (full 2):
 PSYoungGen      total 181760K, used 14842K [0x00000000e0000000, 0x00000000ed180000, 0x0000000100000000)
  eden space 164864K, 0% used [0x00000000e0000000,0x00000000e0000000,0x00000000ea100000)
  from space 16896K, 87% used [0x00000000eb280000,0x00000000ec0fe988,0x00000000ec300000)
  to   space 17920K, 0% used [0x00000000ea100000,0x00000000ea100000,0x00000000eb280000)
 ParOldGen       total 95232K, used 25882K [0x00000000a0000000, 0x00000000a5d00000, 0x00000000e0000000)
  object space 95232K, 27% used [0x00000000a0000000,0x00000000a1946b50,0x00000000a5d00000)
 Metaspace       used 57098K, capacity 59157K, committed 59160K, reserved 1099776K
  class space    used 7831K, capacity 8360K, committed 8360K, reserved 1048576K
}
Event: 15.444 GC heap before
{Heap before GC invocations=15 (full 3):
 PSYoungGen      total 181760K, used 14842K [0x00000000e0000000, 0x00000000ed180000, 0x0000000100000000)
  eden space 164864K, 0% used [0x00000000e0000000,0x00000000e0000000,0x00000000ea100000)
  from space 16896K, 87% used [0x00000000eb280000,0x00000000ec0fe988,0x00000000ec300000)
  to   space 17920K, 0% used [0x00000000ea100000,0x00000000ea100000,0x00000000eb280000)
 ParOldGen       total 95232K, used 25882K [0x00000000a0000000, 0x00000000a5d00000, 0x00000000e0000000)
  object space 95232K, 27% used [0x00000000a0000000,0x00000000a1946b50,0x00000000a5d00000)
 Metaspace       used 57098K, capacity 59157K, committed 59160K, reserved 1099776K
  class space    used 7831K, capacity 8360K, committed 8360K, reserved 1048576K
Event: 15.740 GC heap after
Heap after GC invocations=15 (full 3):
 PSYoungGen      total 181760K, used 0K [0x00000000e0000000, 0x00000000ed180000, 0x0000000100000000)
  eden space 164864K, 0% used [0x00000000e0000000,0x00000000e0000000,0x00000000ea100000)
  from space 16896K, 0% used [0x00000000eb280000,0x00000000eb280000,0x00000000ec300000)
  to   space 17920K, 0% used [0x00000000ea100000,0x00000000ea100000,0x00000000eb280000)
 ParOldGen       total 95232K, used 37035K [0x00000000a0000000, 0x00000000a5d00000, 0x00000000e0000000)
  object space 95232K, 38% used [0x00000000a0000000,0x00000000a242aef8,0x00000000a5d00000)
 Metaspace       used 57098K, capacity 59157K, committed 59160K, reserved 1099776K
  class space    used 7831K, capacity 8360K, committed 8360K, reserved 1048576K
}
Event: 18.483 GC heap before
{Heap before GC invocations=16 (full 3):
 PSYoungGen      total 181760K, used 164864K [0x00000000e0000000, 0x00000000ed180000, 0x0000000100000000)
  eden space 164864K, 100% used [0x00000000e0000000,0x00000000ea100000,0x00000000ea100000)
  from space 16896K, 0% used [0x00000000eb280000,0x00000000eb280000,0x00000000ec300000)
  to   space 17920K, 0% used [0x00000000ea100000,0x00000000ea100000,0x00000000eb280000)
 ParOldGen       total 95232K, used 37035K [0x00000000a0000000, 0x00000000a5d00000, 0x00000000e0000000)
  object space 95232K, 38% used [0x00000000a0000000,0x00000000a242aef8,0x00000000a5d00000)
 Metaspace       used 59742K, capacity 61977K, committed 62248K, reserved 1103872K
  class space    used 8184K, capacity 8703K, committed 8744K, reserved 1048576K

