# JRE version: OpenJDK Runtime Environment (8.0_212-b04) (build 1.8.0_212-release-1586-b04)
# Java VM: OpenJDK 64-Bit Server VM (25.212-b04 mixed mode windows-amd64 compressed oops)
Heap:
 PSYoungGen      total 317440K, used 66654K [0x00000000e0000000, 0x00000000f6600000, 0x0000000100000000)
  eden space 268288K, 24% used [0x00000000e0000000,0x00000000e4117b78,0x00000000f0600000)
  from space 49152K, 0% used [0x00000000f0600000,0x00000000f0600000,0x00000000f3600000)
  to   space 45056K, 0% used [0x00000000f3a00000,0x00000000f3a00000,0x00000000f6600000)
 ParOldGen       total 144896K, used 92036K [0x00000000a0000000, 0x00000000a8d80000, 0x00000000e0000000)
  object space 144896K, 63% used [0x00000000a0000000,0x00000000a59e1268,0x00000000a8d80000)
 Metaspace       used 95601K, capacity 98884K, committed 100992K, reserved 1136640K
  class space    used 11898K, capacity 12668K, committed 13184K, reserved 1048576K
GC Heap History (10 events):
Event: 3210.304 GC heap before
{Heap before GC invocations=37 (full 3):
 PSYoungGen      total 256512K, used 226791K [0x00000000e0000000, 0x00000000f4280000, 0x0000000100000000)
  eden space 203776K, 100% used [0x00000000e0000000,0x00000000ec700000,0x00000000ec700000)
  from space 52736K, 43% used [0x00000000ec700000,0x00000000edd79ed8,0x00000000efa80000)
  to   space 50176K, 0% used [0x00000000f1180000,0x00000000f1180000,0x00000000f4280000)
 ParOldGen       total 144896K, used 113541K [0x00000000a0000000, 0x00000000a8d80000, 0x00000000e0000000)
  object space 144896K, 78% used [0x00000000a0000000,0x00000000a6ee1490,0x00000000a8d80000)
 Metaspace       used 88092K, capacity 92464K, committed 92672K, reserved 1130496K
  class space    used 11220K, capacity 12179K, committed 12288K, reserved 1048576K
Event: 3210.515 GC heap after
Heap after GC invocations=37 (full 3):
 PSYoungGen      total 282112K, used 19238K [0x00000000e0000000, 0x00000000f4980000, 0x0000000100000000)
  eden space 231936K, 0% used [0x00000000e0000000,0x00000000e0000000,0x00000000ee280000)
  from space 50176K, 38% used [0x00000000f1180000,0x00000000f2449b30,0x00000000f4280000)
  to   space 48128K, 0% used [0x00000000ee280000,0x00000000ee280000,0x00000000f1180000)
 ParOldGen       total 144896K, used 114421K [0x00000000a0000000, 0x00000000a8d80000, 0x00000000e0000000)
  object space 144896K, 78% used [0x00000000a0000000,0x00000000a6fbd490,0x00000000a8d80000)
 Metaspace       used 88092K, capacity 92464K, committed 92672K, reserved 1130496K
  class space    used 11220K, capacity 12179K, committed 12288K, reserved 1048576K
}
Event: 3212.229 GC heap before
{Heap before GC invocations=38 (full 3):
 PSYoungGen      total 282112K, used 251174K [0x00000000e0000000, 0x00000000f4980000, 0x0000000100000000)
  eden space 231936K, 100% used [0x00000000e0000000,0x00000000ee280000,0x00000000ee280000)
  from space 50176K, 38% used [0x00000000f1180000,0x00000000f2449b30,0x00000000f4280000)
  to   space 48128K, 0% used [0x00000000ee280000,0x00000000ee280000,0x00000000f1180000)
 ParOldGen       total 144896K, used 114421K [0x00000000a0000000, 0x00000000a8d80000, 0x00000000e0000000)
  object space 144896K, 78% used [0x00000000a0000000,0x00000000a6fbd490,0x00000000a8d80000)
 Metaspace       used 88110K, capacity 92494K, committed 92672K, reserved 1130496K
  class space    used 11222K, capacity 12184K, committed 12288K, reserved 1048576K
Event: 3212.251 GC heap after
Heap after GC invocations=38 (full 3):
 PSYoungGen      total 280064K, used 1408K [0x00000000e0000000, 0x00000000f6a80000, 0x0000000100000000)
  eden space 231936K, 0% used [0x00000000e0000000,0x00000000e0000000,0x00000000ee280000)
  from space 48128K, 2% used [0x00000000ee280000,0x00000000ee3e0000,0x00000000f1180000)
  to   space 49664K, 0% used [0x00000000f3a00000,0x00000000f3a00000,0x00000000f6a80000)
 ParOldGen       total 144896K, used 123793K [0x00000000a0000000, 0x00000000a8d80000, 0x00000000e0000000)
  object space 144896K, 85% used [0x00000000a0000000,0x00000000a78e4470,0x00000000a8d80000)
 Metaspace       used 88110K, capacity 92494K, committed 92672K, reserved 1130496K
  class space    used 11222K, capacity 12184K, committed 12288K, reserved 1048576K
}
Event: 3219.420 GC heap before
{Heap before GC invocations=39 (full 3):
 PSYoungGen      total 280064K, used 233344K [0x00000000e0000000, 0x00000000f6a80000, 0x0000000100000000)
  eden space 231936K, 100% used [0x00000000e0000000,0x00000000ee280000,0x00000000ee280000)
  from space 48128K, 2% used [0x00000000ee280000,0x00000000ee3e0000,0x00000000f1180000)
  to   space 49664K, 0% used [0x00000000f3a00000,0x00000000f3a00000,0x00000000f6a80000)
 ParOldGen       total 144896K, used 123793K [0x00000000a0000000, 0x00000000a8d80000, 0x00000000e0000000)
  object space 144896K, 85% used [0x00000000a0000000,0x00000000a78e4470,0x00000000a8d80000)
 Metaspace       used 88751K, capacity 93076K, committed 93184K, reserved 1130496K
  class space    used 11304K, capacity 12261K, committed 12288K, reserved 1048576K
Event: 3219.437 GC heap after
Heap after GC invocations=39 (full 3):
 PSYoungGen      total 313344K, used 6134K [0x00000000e0000000, 0x00000000f6600000, 0x0000000100000000)
  eden space 268288K, 0% used [0x00000000e0000000,0x00000000e0000000,0x00000000f0600000)
  from space 45056K, 13% used [0x00000000f3a00000,0x00000000f3ffdbe0,0x00000000f6600000)
  to   space 49152K, 0% used [0x00000000f0600000,0x00000000f0600000,0x00000000f3600000)
 ParOldGen       total 144896K, used 124816K [0x00000000a0000000, 0x00000000a8d80000, 0x00000000e0000000)
  object space 144896K, 86% used [0x00000000a0000000,0x00000000a79e4380,0x00000000a8d80000)
 Metaspace       used 88751K, capacity 93076K, committed 93184K, reserved 1130496K
  class space    used 11304K, capacity 12261K, committed 12288K, reserved 1048576K
}
Event: 3233.379 GC heap before
{Heap before GC invocations=40 (full 3):
 PSYoungGen      total 313344K, used 214067K [0x00000000e0000000, 0x00000000f6600000, 0x0000000100000000)
  eden space 268288K, 77% used [0x00000000e0000000,0x00000000ecb0f138,0x00000000f0600000)
  from space 45056K, 13% used [0x00000000f3a00000,0x00000000f3ffdbe0,0x00000000f6600000)
  to   space 49152K, 0% used [0x00000000f0600000,0x00000000f0600000,0x00000000f3600000)
 ParOldGen       total 144896K, used 124816K [0x00000000a0000000, 0x00000000a8d80000, 0x00000000e0000000)
  object space 144896K, 86% used [0x00000000a0000000,0x00000000a79e4380,0x00000000a8d80000)
 Metaspace       used 94022K, capacity 98444K, committed 98560K, reserved 1134592K
  class space    used 11929K, capacity 12943K, committed 13056K, reserved 1048576K
Event: 3233.453 GC heap after
Heap after GC invocations=40 (full 3):
 PSYoungGen      total 317440K, used 26794K [0x00000000e0000000, 0x00000000f6600000, 0x0000000100000000)
  eden space 268288K, 0% used [0x00000000e0000000,0x00000000e0000000,0x00000000f0600000)
  from space 49152K, 54% used [0x00000000f0600000,0x00000000f202a958,0x00000000f3600000)
  to   space 45056K, 0% used [0x00000000f3a00000,0x00000000f3a00000,0x00000000f6600000)
 ParOldGen       total 144896K, used 129843K [0x00000000a0000000, 0x00000000a8d80000, 0x00000000e0000000)
  object space 144896K, 89% used [0x00000000a0000000,0x00000000a7eccd00,0x00000000a8d80000)
 Metaspace       used 94022K, capacity 98444K, committed 98560K, reserved 1134592K
  class space    used 11929K, capacity 12943K, committed 13056K, reserved 1048576K
}
Event: 3233.453 GC heap before
{Heap before GC invocations=41 (full 4):
 PSYoungGen      total 317440K, used 26794K [0x00000000e0000000, 0x00000000f6600000, 0x0000000100000000)
  eden space 268288K, 0% used [0x00000000e0000000,0x00000000e0000000,0x00000000f0600000)
  from space 49152K, 54% used [0x00000000f0600000,0x00000000f202a958,0x00000000f3600000)
  to   space 45056K, 0% used [0x00000000f3a00000,0x00000000f3a00000,0x00000000f6600000)
 ParOldGen       total 144896K, used 129843K [0x00000000a0000000, 0x00000000a8d80000, 0x00000000e0000000)
  object space 144896K, 89% used [0x00000000a0000000,0x00000000a7eccd00,0x00000000a8d80000)
 Metaspace       used 94022K, capacity 98444K, committed 98560K, reserved 1134592K
  class space    used 11929K, capacity 12943K, committed 13056K, reserved 1048576K
Event: 3234.310 GC heap after
Heap after GC invocations=41 (full 4):
 PSYoungGen      total 317440K, used 0K [0x00000000e0000000, 0x00000000f6600000, 0x0000000100000000)
  eden space 268288K, 0% used [0x00000000e0000000,0x00000000e0000000,0x00000000f0600000)
  from space 49152K, 0% used [0x00000000f0600000,0x00000000f0600000,0x00000000f3600000)
  to   space 45056K, 0% used [0x00000000f3a00000,0x00000000f3a00000,0x00000000f6600000)
 ParOldGen       total 144896K, used 92036K [0x00000000a0000000, 0x00000000a8d80000, 0x00000000e0000000)
  object space 144896K, 63% used [0x00000000a0000000,0x00000000a59e1268,0x00000000a8d80000)
 Metaspace       used 92758K, capacity 96036K, committed 98560K, reserved 1134592K
  class space    used 11674K, capacity 12444K, committed 13056K, reserved 1048576K
}

